[2020-05-25 19:57:38,279]  DETALLADO {org.wso2.carbon.server.util.PatchUtils processPatches} - Checking for patch changes ...  
[2020-05-25 19:57:38,279]  DETALLADO {org.wso2.carbon.server.util.PatchUtils processPatches} - No new patch or service pack detected, server will start without applying patches   
[2020-05-25 19:57:38,279]  DETALLADO {org.wso2.carbon.server.util.PatchUtils checkMD5Checksum} - Patch verification started  
[2020-05-25 19:57:38,279]  DETALLADO {org.wso2.carbon.server.util.PatchUtils checkMD5Checksum} - Patch verification successfully completed  
[2020-05-25 20:09:19,370]  DETALLADO {org.wso2.carbon.server.util.PatchUtils processPatches} - Checking for patch changes ...  
[2020-05-25 20:09:19,380]  DETALLADO {org.wso2.carbon.server.util.PatchUtils processPatches} - No new patch or service pack detected, server will start without applying patches   
[2020-05-25 20:09:19,380]  DETALLADO {org.wso2.carbon.server.util.PatchUtils checkMD5Checksum} - Patch verification started  
[2020-05-25 20:09:19,380]  DETALLADO {org.wso2.carbon.server.util.PatchUtils checkMD5Checksum} - Patch verification successfully completed  
[2020-06-01 13:34:19,834]  DETALLADO {org.wso2.carbon.server.util.PatchUtils processPatches} - Checking for patch changes ...  
[2020-06-01 13:34:19,842]  DETALLADO {org.wso2.carbon.server.util.PatchUtils processPatches} - No new patch or service pack detected, server will start without applying patches   
[2020-06-01 13:34:19,842]  DETALLADO {org.wso2.carbon.server.util.PatchUtils checkMD5Checksum} - Patch verification started  
[2020-06-01 13:34:19,842]  DETALLADO {org.wso2.carbon.server.util.PatchUtils checkMD5Checksum} - Patch verification successfully completed  
[2020-06-02 16:11:31,621]  FINE {org.wso2.carbon.server.util.PatchUtils processPatches} - Checking for patch changes ...  
[2020-06-02 16:11:31,624]  FINE {org.wso2.carbon.server.util.PatchUtils processPatches} - No new patch or service pack detected, server will start without applying patches   
[2020-06-02 16:11:31,625]  FINE {org.wso2.carbon.server.util.PatchUtils checkMD5Checksum} - Patch verification started  
[2020-06-02 16:11:31,625]  FINE {org.wso2.carbon.server.util.PatchUtils checkMD5Checksum} - Patch verification successfully completed  
[2020-06-02 16:13:17,627]  FINE {org.wso2.carbon.server.util.PatchUtils processPatches} - Checking for patch changes ...  
[2020-06-02 16:13:17,631]  FINE {org.wso2.carbon.server.util.PatchUtils processPatches} - No new patch or service pack detected, server will start without applying patches   
[2020-06-02 16:13:17,632]  FINE {org.wso2.carbon.server.util.PatchUtils checkMD5Checksum} - Patch verification started  
[2020-06-02 16:13:17,633]  FINE {org.wso2.carbon.server.util.PatchUtils checkMD5Checksum} - Patch verification successfully completed  
[2020-06-02 16:49:44,771]  FINE {org.wso2.carbon.server.util.PatchUtils processPatches} - Checking for patch changes ...  
[2020-06-02 16:49:44,775]  FINE {org.wso2.carbon.server.util.PatchUtils processPatches} - No new patch or service pack detected, server will start without applying patches   
[2020-06-02 16:49:44,777]  FINE {org.wso2.carbon.server.util.PatchUtils checkMD5Checksum} - Patch verification started  
[2020-06-02 16:49:44,778]  FINE {org.wso2.carbon.server.util.PatchUtils checkMD5Checksum} - Patch verification successfully completed  
[2020-06-03 11:08:53,182]  FINE {org.wso2.carbon.server.util.PatchUtils processPatches} - Checking for patch changes ...  
[2020-06-03 11:08:53,185]  FINE {org.wso2.carbon.server.util.PatchUtils processPatches} - No new patch or service pack detected, server will start without applying patches   
[2020-06-03 11:08:53,186]  FINE {org.wso2.carbon.server.util.PatchUtils checkMD5Checksum} - Patch verification started  
[2020-06-03 11:08:53,187]  FINE {org.wso2.carbon.server.util.PatchUtils checkMD5Checksum} - Patch verification successfully completed  
[2020-06-03 17:01:25,966]  FINE {org.wso2.carbon.server.util.PatchUtils processPatches} - Checking for patch changes ...  
[2020-06-03 17:01:25,971]  FINE {org.wso2.carbon.server.util.PatchUtils processPatches} - No new patch or service pack detected, server will start without applying patches   
[2020-06-03 17:01:25,973]  FINE {org.wso2.carbon.server.util.PatchUtils checkMD5Checksum} - Patch verification started  
[2020-06-03 17:01:25,975]  FINE {org.wso2.carbon.server.util.PatchUtils checkMD5Checksum} - Patch verification successfully completed  
