[2020-05-25 19:57:46,758] [-1]  WARN {com.atomikos.icatch.config.UserTransactionServiceImp} - Using init file: /C:/WSO2EI~1.0/bin/../wso2/lib/transactions.properties
[2020-05-25 19:57:47,206] [-1]  INFO {com.atomikos.persistence.imp.FileLogStream} - Logfile closed: C:\WSO2EI~1.0\repository\data\tmlog-1.log
[2020-05-25 19:57:47,253] [-1]  INFO {com.atomikos.icatch.config.imp.AbstractUserTransactionService} - USING core version: 3.8.0
[2020-05-25 19:57:47,253] [-1]  INFO {com.atomikos.icatch.config.imp.AbstractUserTransactionService} - USING com.atomikos.icatch.console_file_name = tm.out
[2020-05-25 19:57:47,253] [-1]  INFO {com.atomikos.icatch.config.imp.AbstractUserTransactionService} - USING com.atomikos.icatch.console_file_count = 1
[2020-05-25 19:57:47,253] [-1]  INFO {com.atomikos.icatch.config.imp.AbstractUserTransactionService} - USING com.atomikos.icatch.automatic_resource_registration = true
[2020-05-25 19:57:47,253] [-1]  INFO {com.atomikos.icatch.config.imp.AbstractUserTransactionService} - USING com.atomikos.icatch.client_demarcation = false
[2020-05-25 19:57:47,253] [-1]  INFO {com.atomikos.icatch.config.imp.AbstractUserTransactionService} - USING com.atomikos.icatch.threaded_2pc = false
[2020-05-25 19:57:47,253] [-1]  INFO {com.atomikos.icatch.config.imp.AbstractUserTransactionService} - USING com.atomikos.icatch.serial_jta_transactions = true
[2020-05-25 19:57:47,253] [-1]  INFO {com.atomikos.icatch.config.imp.AbstractUserTransactionService} - USING com.atomikos.icatch.log_base_dir = repository/data
[2020-05-25 19:57:47,253] [-1]  INFO {com.atomikos.icatch.config.imp.AbstractUserTransactionService} - USING com.atomikos.icatch.console_log_level = INFO
[2020-05-25 19:57:47,253] [-1]  INFO {com.atomikos.icatch.config.imp.AbstractUserTransactionService} - USING com.atomikos.icatch.max_actives = 50
[2020-05-25 19:57:47,253] [-1]  INFO {com.atomikos.icatch.config.imp.AbstractUserTransactionService} - USING com.atomikos.icatch.checkpoint_interval = 500
[2020-05-25 19:57:47,253] [-1]  INFO {com.atomikos.icatch.config.imp.AbstractUserTransactionService} - USING com.atomikos.icatch.enable_logging = true
[2020-05-25 19:57:47,253] [-1]  INFO {com.atomikos.icatch.config.imp.AbstractUserTransactionService} - USING com.atomikos.icatch.output_dir = repository/logs
[2020-05-25 19:57:47,253] [-1]  INFO {com.atomikos.icatch.config.imp.AbstractUserTransactionService} - USING com.atomikos.icatch.log_base_name = tmlog
[2020-05-25 19:57:47,253] [-1]  INFO {com.atomikos.icatch.config.imp.AbstractUserTransactionService} - USING com.atomikos.icatch.console_file_limit = 1073741824
[2020-05-25 19:57:47,253] [-1]  INFO {com.atomikos.icatch.config.imp.AbstractUserTransactionService} - USING com.atomikos.icatch.max_timeout = 8000000
[2020-05-25 19:57:47,253] [-1]  INFO {com.atomikos.icatch.config.imp.AbstractUserTransactionService} - USING com.atomikos.icatch.tm_unique_name = 192.168.56.1.tm
[2020-05-25 19:57:47,253] [-1]  INFO {com.atomikos.icatch.config.imp.AbstractUserTransactionService} - USING java.naming.factory.initial = com.sun.jndi.rmi.registry.RegistryContextFactory
[2020-05-25 19:57:47,253] [-1]  INFO {com.atomikos.icatch.config.imp.AbstractUserTransactionService} - USING java.naming.provider.url = rmi://localhost:1099
[2020-05-25 19:57:47,253] [-1]  INFO {com.atomikos.icatch.config.imp.AbstractUserTransactionService} - USING com.atomikos.icatch.service = com.atomikos.icatch.standalone.UserTransactionServiceFactory
[2020-05-25 19:57:47,253] [-1]  INFO {com.atomikos.icatch.config.imp.AbstractUserTransactionService} - USING com.atomikos.icatch.force_shutdown_on_vm_exit = true
[2020-05-25 19:57:47,253] [-1]  INFO {com.atomikos.icatch.config.imp.AbstractUserTransactionService} - USING com.atomikos.icatch.default_jta_timeout = 5000000
[2020-05-25 20:09:27,665] [-1]  INFO {com.atomikos.persistence.imp.FileLogStream} - Starting read of logfile C:\WSO2EI~1.0\repository\data\tmlog0.log
[2020-05-25 20:09:27,946] [-1]  INFO {com.atomikos.persistence.imp.FileLogStream} - Done read of logfile
[2020-05-25 20:09:27,946] [-1]  INFO {com.atomikos.persistence.imp.FileLogStream} - Logfile closed: C:\WSO2EI~1.0\repository\data\tmlog0.log
[2020-05-25 20:09:27,977] [-1]  INFO {com.atomikos.icatch.config.imp.AbstractUserTransactionService} - USING core version: 3.8.0
[2020-05-25 20:09:27,977] [-1]  INFO {com.atomikos.icatch.config.imp.AbstractUserTransactionService} - USING com.atomikos.icatch.console_file_name = tm.out
[2020-05-25 20:09:27,977] [-1]  INFO {com.atomikos.icatch.config.imp.AbstractUserTransactionService} - USING com.atomikos.icatch.console_file_count = 1
[2020-05-25 20:09:27,977] [-1]  INFO {com.atomikos.icatch.config.imp.AbstractUserTransactionService} - USING com.atomikos.icatch.automatic_resource_registration = true
[2020-05-25 20:09:27,977] [-1]  INFO {com.atomikos.icatch.config.imp.AbstractUserTransactionService} - USING com.atomikos.icatch.client_demarcation = false
[2020-05-25 20:09:27,977] [-1]  INFO {com.atomikos.icatch.config.imp.AbstractUserTransactionService} - USING com.atomikos.icatch.threaded_2pc = false
[2020-05-25 20:09:27,977] [-1]  INFO {com.atomikos.icatch.config.imp.AbstractUserTransactionService} - USING com.atomikos.icatch.serial_jta_transactions = true
[2020-05-25 20:09:27,977] [-1]  INFO {com.atomikos.icatch.config.imp.AbstractUserTransactionService} - USING com.atomikos.icatch.log_base_dir = repository/data
[2020-05-25 20:09:27,977] [-1]  INFO {com.atomikos.icatch.config.imp.AbstractUserTransactionService} - USING com.atomikos.icatch.console_log_level = INFO
[2020-05-25 20:09:27,977] [-1]  INFO {com.atomikos.icatch.config.imp.AbstractUserTransactionService} - USING com.atomikos.icatch.max_actives = 50
[2020-05-25 20:09:27,977] [-1]  INFO {com.atomikos.icatch.config.imp.AbstractUserTransactionService} - USING com.atomikos.icatch.checkpoint_interval = 500
[2020-05-25 20:09:27,977] [-1]  INFO {com.atomikos.icatch.config.imp.AbstractUserTransactionService} - USING com.atomikos.icatch.enable_logging = true
[2020-05-25 20:09:27,977] [-1]  INFO {com.atomikos.icatch.config.imp.AbstractUserTransactionService} - USING com.atomikos.icatch.output_dir = repository/logs
[2020-05-25 20:09:27,977] [-1]  INFO {com.atomikos.icatch.config.imp.AbstractUserTransactionService} - USING com.atomikos.icatch.log_base_name = tmlog
[2020-05-25 20:09:27,977] [-1]  INFO {com.atomikos.icatch.config.imp.AbstractUserTransactionService} - USING com.atomikos.icatch.console_file_limit = 1073741824
[2020-05-25 20:09:27,977] [-1]  INFO {com.atomikos.icatch.config.imp.AbstractUserTransactionService} - USING com.atomikos.icatch.max_timeout = 8000000
[2020-05-25 20:09:27,993] [-1]  INFO {com.atomikos.icatch.config.imp.AbstractUserTransactionService} - USING com.atomikos.icatch.tm_unique_name = 192.168.56.1.tm
[2020-05-25 20:09:27,993] [-1]  INFO {com.atomikos.icatch.config.imp.AbstractUserTransactionService} - USING java.naming.factory.initial = com.sun.jndi.rmi.registry.RegistryContextFactory
[2020-05-25 20:09:27,993] [-1]  INFO {com.atomikos.icatch.config.imp.AbstractUserTransactionService} - USING java.naming.provider.url = rmi://localhost:1099
[2020-05-25 20:09:27,993] [-1]  INFO {com.atomikos.icatch.config.imp.AbstractUserTransactionService} - USING com.atomikos.icatch.service = com.atomikos.icatch.standalone.UserTransactionServiceFactory
[2020-05-25 20:09:27,993] [-1]  INFO {com.atomikos.icatch.config.imp.AbstractUserTransactionService} - USING com.atomikos.icatch.force_shutdown_on_vm_exit = true
[2020-05-25 20:09:27,993] [-1]  INFO {com.atomikos.icatch.config.imp.AbstractUserTransactionService} - USING com.atomikos.icatch.default_jta_timeout = 5000000
