TID: [-1234] [] [2020-05-31 15:14:44,092]  INFO {org.apache.synapse.mediators.builtin.LogMediator} - To: /wsProcesarFovissste/consultaSaldoFovissste/LETA530228HZSNRL08, WSAction: http://www.procesar.com.mx/TraspasosInfonavitFovissste/Fovissste/SolicitudCredito/consultarSaldoFovissste/, SOAPAction: http://www.procesar.com.mx/TraspasosInfonavitFovissste/Fovissste/SolicitudCredito/consultarSaldoFovissste/, MessageID: urn:uuid:ba39857d-480b-4694-bd46-7894893385d5, Direction: request, Base = uatacfov:TOR7$ZB8bt, Base64 = dWF0YWNmb3Y6VE9SNyRaQjhidA==, Envelope: <?xml version='1.0' encoding='utf-8'?><soapenv:Envelope xmlns:soapenv="http://schemas.xmlsoap.org/soap/envelope/"><soapenv:Body><con:consultarSaldoFovisssteRequest xmlns:con="http://www.procesar.com.mx/TraspasosInfonavitFovissste/Fovissste/SolicitudCredito/consultarSaldoFovissste/"><cuerpo><curp>LETA530228HZSNRL08</curp><idProcesar/></cuerpo></con:consultarSaldoFovisssteRequest></soapenv:Body></soapenv:Envelope>
TID: [-1234] [] [2020-05-31 15:14:44,108]  INFO {org.apache.synapse.mediators.builtin.LogMediator} - To: /wsProcesarFovissste/consultaSaldoFovissste/LETA530228HZSNRL08, WSAction: http://www.procesar.com.mx/TraspasosInfonavitFovissste/Fovissste/SolicitudCredito/consultarSaldoFovissste/, SOAPAction: http://www.procesar.com.mx/TraspasosInfonavitFovissste/Fovissste/SolicitudCredito/consultarSaldoFovissste/, MessageID: urn:uuid:ba39857d-480b-4694-bd46-7894893385d5, Direction: request, Envelope: <?xml version='1.0' encoding='utf-8'?><soapenv:Envelope xmlns:soapenv="http://schemas.xmlsoap.org/soap/envelope/"><soapenv:Body><con:consultarSaldoFovisssteRequest xmlns:con="http://www.procesar.com.mx/TraspasosInfonavitFovissste/Fovissste/SolicitudCredito/consultarSaldoFovissste/"><cuerpo><curp>LETA530228HZSNRL08</curp><idProcesar/></cuerpo></con:consultarSaldoFovisssteRequest></soapenv:Body></soapenv:Envelope>
TID: [-1] [] [2020-05-31 15:15:05,200]  WARN {org.apache.synapse.transport.passthru.ConnectCallback} - Connection refused or failed for : /192.168.1.237:80
TID: [-1234] [] [2020-05-31 15:15:05,214]  WARN {org.apache.synapse.endpoints.EndpointContext} - Endpoint : wsSolicitudCredito with address http://192.168.1.237/TraspasosFovissste/SolicitudCredito will be marked SUSPENDED as it failed
TID: [-1234] [] [2020-05-31 15:15:05,217]  WARN {org.apache.synapse.endpoints.EndpointContext} - Suspending endpoint : wsSolicitudCredito with address http://192.168.1.237/TraspasosFovissste/SolicitudCredito - current suspend duration is : 30000ms - Next retry after : Sun May 31 15:15:35 CDT 2020
TID: [-1234] [] [2020-05-31 15:15:05,220]  INFO {org.apache.synapse.mediators.builtin.LogMediator} - To: /wsProcesarFovissste/consultaSaldoFovissste/LETA530228HZSNRL08, WSAction: http://www.procesar.com.mx/TraspasosInfonavitFovissste/Fovissste/SolicitudCredito/consultarSaldoFovissste/, SOAPAction: http://www.procesar.com.mx/TraspasosInfonavitFovissste/Fovissste/SolicitudCredito/consultarSaldoFovissste/, MessageID: urn:uuid:ba39857d-480b-4694-bd46-7894893385d5, Direction: request, MESSAGE = Executing default 'fault' sequence, ERROR_CODE = 101503, ERROR_MESSAGE = Error connecting to the back end, Envelope: <?xml version='1.0' encoding='utf-8'?><soapenv:Envelope xmlns:soapenv="http://schemas.xmlsoap.org/soap/envelope/"><soapenv:Body><con:consultarSaldoFovisssteRequest xmlns:con="http://www.procesar.com.mx/TraspasosInfonavitFovissste/Fovissste/SolicitudCredito/consultarSaldoFovissste/"><cuerpo><curp>LETA530228HZSNRL08</curp><idProcesar/></cuerpo></con:consultarSaldoFovisssteRequest></soapenv:Body></soapenv:Envelope>
TID: [-1234] [] [2020-05-31 15:15:19,729]  INFO {org.apache.synapse.mediators.builtin.LogMediator} - To: /wsProcesarFovissste/consultaSaldoFovissste/AAOJ930416HDFYRR04, WSAction: http://www.procesar.com.mx/TraspasosInfonavitFovissste/Fovissste/SolicitudCredito/consultarSaldoFovissste/, SOAPAction: http://www.procesar.com.mx/TraspasosInfonavitFovissste/Fovissste/SolicitudCredito/consultarSaldoFovissste/, MessageID: urn:uuid:3ae862cc-029e-4150-b013-8cb79fbee9d5, Direction: request, Base = uatacfov:TOR7$ZB8bt, Base64 = dWF0YWNmb3Y6VE9SNyRaQjhidA==, Envelope: <?xml version='1.0' encoding='utf-8'?><soapenv:Envelope xmlns:soapenv="http://schemas.xmlsoap.org/soap/envelope/"><soapenv:Body><con:consultarSaldoFovisssteRequest xmlns:con="http://www.procesar.com.mx/TraspasosInfonavitFovissste/Fovissste/SolicitudCredito/consultarSaldoFovissste/"><cuerpo><curp>AAOJ930416HDFYRR04</curp><idProcesar/></cuerpo></con:consultarSaldoFovisssteRequest></soapenv:Body></soapenv:Envelope>
TID: [-1234] [] [2020-05-31 15:15:19,731]  INFO {org.apache.synapse.mediators.builtin.LogMediator} - To: /wsProcesarFovissste/consultaSaldoFovissste/AAOJ930416HDFYRR04, WSAction: http://www.procesar.com.mx/TraspasosInfonavitFovissste/Fovissste/SolicitudCredito/consultarSaldoFovissste/, SOAPAction: http://www.procesar.com.mx/TraspasosInfonavitFovissste/Fovissste/SolicitudCredito/consultarSaldoFovissste/, MessageID: urn:uuid:3ae862cc-029e-4150-b013-8cb79fbee9d5, Direction: request, Envelope: <?xml version='1.0' encoding='utf-8'?><soapenv:Envelope xmlns:soapenv="http://schemas.xmlsoap.org/soap/envelope/"><soapenv:Body><con:consultarSaldoFovisssteRequest xmlns:con="http://www.procesar.com.mx/TraspasosInfonavitFovissste/Fovissste/SolicitudCredito/consultarSaldoFovissste/"><cuerpo><curp>AAOJ930416HDFYRR04</curp><idProcesar/></cuerpo></con:consultarSaldoFovisssteRequest></soapenv:Body></soapenv:Envelope>
TID: [-1234] [] [2020-05-31 15:15:19,785]  INFO {org.apache.synapse.mediators.builtin.LogMediator} - To: /wsProcesarFovissste/consultaSaldoFovissste/AAOJ930416HDFYRR04, WSAction: http://www.procesar.com.mx/TraspasosInfonavitFovissste/Fovissste/SolicitudCredito/consultarSaldoFovissste/, SOAPAction: http://www.procesar.com.mx/TraspasosInfonavitFovissste/Fovissste/SolicitudCredito/consultarSaldoFovissste/, MessageID: urn:uuid:3ae862cc-029e-4150-b013-8cb79fbee9d5, Direction: request, MESSAGE = Executing default 'fault' sequence, ERROR_CODE = 303001, ERROR_MESSAGE = Currently , Address endpoint : [ Name : wsSolicitudCredito ] [ State : SUSPENDED ], Envelope: <?xml version='1.0' encoding='utf-8'?><soapenv:Envelope xmlns:soapenv="http://schemas.xmlsoap.org/soap/envelope/"><soapenv:Body><con:consultarSaldoFovisssteRequest xmlns:con="http://www.procesar.com.mx/TraspasosInfonavitFovissste/Fovissste/SolicitudCredito/consultarSaldoFovissste/"><cuerpo><curp>AAOJ930416HDFYRR04</curp><idProcesar/></cuerpo></con:consultarSaldoFovisssteRequest></soapenv:Body></soapenv:Envelope>
TID: [-1234] [] [2020-05-31 15:15:25,190]  INFO {org.apache.synapse.mediators.builtin.LogMediator} - To: /wsProcesarFovissste/consultaSaldoFovissste/AAOJ930416HDFYRR04, WSAction: http://www.procesar.com.mx/TraspasosInfonavitFovissste/Fovissste/SolicitudCredito/consultarSaldoFovissste/, SOAPAction: http://www.procesar.com.mx/TraspasosInfonavitFovissste/Fovissste/SolicitudCredito/consultarSaldoFovissste/, MessageID: urn:uuid:e008d399-25f2-4ee2-a065-1da86cce1b74, Direction: request, Base = uatacfov:TOR7$ZB8bt, Base64 = dWF0YWNmb3Y6VE9SNyRaQjhidA==, Envelope: <?xml version='1.0' encoding='utf-8'?><soapenv:Envelope xmlns:soapenv="http://schemas.xmlsoap.org/soap/envelope/"><soapenv:Body><con:consultarSaldoFovisssteRequest xmlns:con="http://www.procesar.com.mx/TraspasosInfonavitFovissste/Fovissste/SolicitudCredito/consultarSaldoFovissste/"><cuerpo><curp>AAOJ930416HDFYRR04</curp><idProcesar/></cuerpo></con:consultarSaldoFovisssteRequest></soapenv:Body></soapenv:Envelope>
TID: [-1234] [] [2020-05-31 15:15:25,192]  INFO {org.apache.synapse.mediators.builtin.LogMediator} - To: /wsProcesarFovissste/consultaSaldoFovissste/AAOJ930416HDFYRR04, WSAction: http://www.procesar.com.mx/TraspasosInfonavitFovissste/Fovissste/SolicitudCredito/consultarSaldoFovissste/, SOAPAction: http://www.procesar.com.mx/TraspasosInfonavitFovissste/Fovissste/SolicitudCredito/consultarSaldoFovissste/, MessageID: urn:uuid:e008d399-25f2-4ee2-a065-1da86cce1b74, Direction: request, Envelope: <?xml version='1.0' encoding='utf-8'?><soapenv:Envelope xmlns:soapenv="http://schemas.xmlsoap.org/soap/envelope/"><soapenv:Body><con:consultarSaldoFovisssteRequest xmlns:con="http://www.procesar.com.mx/TraspasosInfonavitFovissste/Fovissste/SolicitudCredito/consultarSaldoFovissste/"><cuerpo><curp>AAOJ930416HDFYRR04</curp><idProcesar/></cuerpo></con:consultarSaldoFovisssteRequest></soapenv:Body></soapenv:Envelope>
TID: [-1234] [] [2020-05-31 15:15:25,225]  INFO {org.apache.synapse.mediators.builtin.LogMediator} - To: /wsProcesarFovissste/consultaSaldoFovissste/AAOJ930416HDFYRR04, WSAction: http://www.procesar.com.mx/TraspasosInfonavitFovissste/Fovissste/SolicitudCredito/consultarSaldoFovissste/, SOAPAction: http://www.procesar.com.mx/TraspasosInfonavitFovissste/Fovissste/SolicitudCredito/consultarSaldoFovissste/, MessageID: urn:uuid:e008d399-25f2-4ee2-a065-1da86cce1b74, Direction: request, MESSAGE = Executing default 'fault' sequence, ERROR_CODE = 303001, ERROR_MESSAGE = Currently , Address endpoint : [ Name : wsSolicitudCredito ] [ State : SUSPENDED ], Envelope: <?xml version='1.0' encoding='utf-8'?><soapenv:Envelope xmlns:soapenv="http://schemas.xmlsoap.org/soap/envelope/"><soapenv:Body><con:consultarSaldoFovisssteRequest xmlns:con="http://www.procesar.com.mx/TraspasosInfonavitFovissste/Fovissste/SolicitudCredito/consultarSaldoFovissste/"><cuerpo><curp>AAOJ930416HDFYRR04</curp><idProcesar/></cuerpo></con:consultarSaldoFovisssteRequest></soapenv:Body></soapenv:Envelope>
TID: [-1234] [] [2020-05-31 15:16:40,698]  INFO {org.apache.synapse.mediators.builtin.LogMediator} - To: /wsProcesarFovissste/consultaSaldoFovissste/AAOJ930416HDFYRR04, WSAction: http://www.procesar.com.mx/TraspasosInfonavitFovissste/Fovissste/SolicitudCredito/consultarSaldoFovissste/, SOAPAction: http://www.procesar.com.mx/TraspasosInfonavitFovissste/Fovissste/SolicitudCredito/consultarSaldoFovissste/, MessageID: urn:uuid:36ced002-794a-4c46-a6fb-3e8f909cf403, Direction: request, Base = uatacfov:TOR7$ZB8bt, Base64 = dWF0YWNmb3Y6VE9SNyRaQjhidA==, Envelope: <?xml version='1.0' encoding='utf-8'?><soapenv:Envelope xmlns:soapenv="http://schemas.xmlsoap.org/soap/envelope/"><soapenv:Body><con:consultarSaldoFovisssteRequest xmlns:con="http://www.procesar.com.mx/TraspasosInfonavitFovissste/Fovissste/SolicitudCredito/consultarSaldoFovissste/"><cuerpo><curp>AAOJ930416HDFYRR04</curp><idProcesar/></cuerpo></con:consultarSaldoFovisssteRequest></soapenv:Body></soapenv:Envelope>
TID: [-1234] [] [2020-05-31 15:16:40,700]  INFO {org.apache.synapse.mediators.builtin.LogMediator} - To: /wsProcesarFovissste/consultaSaldoFovissste/AAOJ930416HDFYRR04, WSAction: http://www.procesar.com.mx/TraspasosInfonavitFovissste/Fovissste/SolicitudCredito/consultarSaldoFovissste/, SOAPAction: http://www.procesar.com.mx/TraspasosInfonavitFovissste/Fovissste/SolicitudCredito/consultarSaldoFovissste/, MessageID: urn:uuid:36ced002-794a-4c46-a6fb-3e8f909cf403, Direction: request, Envelope: <?xml version='1.0' encoding='utf-8'?><soapenv:Envelope xmlns:soapenv="http://schemas.xmlsoap.org/soap/envelope/"><soapenv:Body><con:consultarSaldoFovisssteRequest xmlns:con="http://www.procesar.com.mx/TraspasosInfonavitFovissste/Fovissste/SolicitudCredito/consultarSaldoFovissste/"><cuerpo><curp>AAOJ930416HDFYRR04</curp><idProcesar/></cuerpo></con:consultarSaldoFovisssteRequest></soapenv:Body></soapenv:Envelope>
TID: [-1234] [] [2020-05-31 15:16:40,895]  INFO {org.apache.synapse.endpoints.EndpointContext} - Endpoint : wsSolicitudCredito with address http://192.168.1.237/TraspasosFovissste/SolicitudCredito currently SUSPENDED will now be marked active since it processed its last message
TID: [-1234] [] [2020-05-31 15:16:40,976]  INFO {org.apache.synapse.mediators.builtin.LogMediator} - To: http://www.w3.org/2005/08/addressing/anonymous, WSAction: , SOAPAction: , MessageID: urn:uuid:67cb85b7-e230-4afa-821d-68615f89655a, Direction: response, Envelope: <?xml version='1.0' encoding='utf-8'?><S:Envelope xmlns:S="http://schemas.xmlsoap.org/soap/envelope/"><S:Body><respuesta>
  <estatusRespuesta>01</estatusRespuesta>
  <codigoMotivoRechazo/>
  <descripcionMotivoRechazo/>
  <curp>AAOJ930416HDFYRR04</curp>
  <rfc/>
  <nombreTrabajador>JORGE CARLOS</nombreTrabajador>
  <apellidoPaterno>AYALA</apellidoPaterno>
  <apellidoMaterno>ORTIZ</apellidoMaterno>
  <nssISSSTE>00000000000</nssISSSTE>
  <fuente>PROCESAR</fuente>
  <procesoVigente/>
  <fueraSector>true</fueraSector>
  <tieneCreditoFovissste>0</tieneCreditoFovissste>
  <existe>true</existe>
  <sueldoBaseProcesar>9331.94</sueldoBaseProcesar>
  <sueldoBase>283690.976</sueldoBase>
  <saldoSubcuentaVivienda>0</saldoSubcuentaVivienda>
  <montoSAR>0</montoSAR>
  <saldoSubcuentaVivienda92>0</saldoSubcuentaVivienda92>
  <montoSAR92>0</montoSAR92>
  <saldoSubcuentaVivienda08>6020.636607</saldoSubcuentaVivienda08>
  <montoSAR08>14483.688860502716</montoSAR08>
  <listaDependencias>
    <idCentroPago>6091056</idCentroPago>
    <nombreCentroPago>GOBIERNO DEL DISTRITO FEDERAL</nombreCentroPago>
    <nombramiento>2</nombramiento>
    <fechaBajaTrabajador/>
    <fechaUltimaAportacion/>
    <tieneAdeudo>true</tieneAdeudo>
    <tieneAdeudoRespalda2M>true</tieneAdeudoRespalda2M>
    <estatusSorteo>true</estatusSorteo>
    <marcaBajaTrabajador>false</marcaBajaTrabajador>
    <bimestresCotizados>20</bimestresCotizados>
    <sueldoBasicoCotizacionIssste>18663.88</sueldoBasicoCotizacionIssste>
  </listaDependencias>
  <listaDependenciasActivas>
    <idCentroPago/>
  </listaDependenciasActivas>
</respuesta></S:Body></S:Envelope>
TID: [-1234] [] [2020-05-31 15:16:54,331]  INFO {org.apache.synapse.mediators.builtin.LogMediator} - To: /wsProcesarFovissste/consultaSaldoFovissste/LETA530228HZSNRL08, WSAction: http://www.procesar.com.mx/TraspasosInfonavitFovissste/Fovissste/SolicitudCredito/consultarSaldoFovissste/, SOAPAction: http://www.procesar.com.mx/TraspasosInfonavitFovissste/Fovissste/SolicitudCredito/consultarSaldoFovissste/, MessageID: urn:uuid:3a6089ec-bf39-4cd2-a3b5-e6a4422c38ee, Direction: request, Base = uatacfov:TOR7$ZB8bt, Base64 = dWF0YWNmb3Y6VE9SNyRaQjhidA==, Envelope: <?xml version='1.0' encoding='utf-8'?><soapenv:Envelope xmlns:soapenv="http://schemas.xmlsoap.org/soap/envelope/"><soapenv:Body><con:consultarSaldoFovisssteRequest xmlns:con="http://www.procesar.com.mx/TraspasosInfonavitFovissste/Fovissste/SolicitudCredito/consultarSaldoFovissste/"><cuerpo><curp>LETA530228HZSNRL08</curp><idProcesar/></cuerpo></con:consultarSaldoFovisssteRequest></soapenv:Body></soapenv:Envelope>
TID: [-1234] [] [2020-05-31 15:16:54,334]  INFO {org.apache.synapse.mediators.builtin.LogMediator} - To: /wsProcesarFovissste/consultaSaldoFovissste/LETA530228HZSNRL08, WSAction: http://www.procesar.com.mx/TraspasosInfonavitFovissste/Fovissste/SolicitudCredito/consultarSaldoFovissste/, SOAPAction: http://www.procesar.com.mx/TraspasosInfonavitFovissste/Fovissste/SolicitudCredito/consultarSaldoFovissste/, MessageID: urn:uuid:3a6089ec-bf39-4cd2-a3b5-e6a4422c38ee, Direction: request, Envelope: <?xml version='1.0' encoding='utf-8'?><soapenv:Envelope xmlns:soapenv="http://schemas.xmlsoap.org/soap/envelope/"><soapenv:Body><con:consultarSaldoFovisssteRequest xmlns:con="http://www.procesar.com.mx/TraspasosInfonavitFovissste/Fovissste/SolicitudCredito/consultarSaldoFovissste/"><cuerpo><curp>LETA530228HZSNRL08</curp><idProcesar/></cuerpo></con:consultarSaldoFovisssteRequest></soapenv:Body></soapenv:Envelope>
TID: [-1234] [] [2020-05-31 15:16:54,532]  INFO {org.apache.synapse.mediators.builtin.LogMediator} - To: http://www.w3.org/2005/08/addressing/anonymous, WSAction: , SOAPAction: , MessageID: urn:uuid:f4b24b21-4373-4301-9a59-4d3c163282fd, Direction: response, Envelope: <?xml version='1.0' encoding='utf-8'?><S:Envelope xmlns:S="http://schemas.xmlsoap.org/soap/envelope/"><S:Body><respuesta>
  <estatusRespuesta>02</estatusRespuesta>
  <codigoMotivoRechazo>049</codigoMotivoRechazo>
  <descripcionMotivoRechazo>TRABAJADOR NO SE ENCUENTRA AFILIADO</descripcionMotivoRechazo>
  <curp/>
  <rfc/>
  <nombreTrabajador/>
  <apellidoPaterno/>
  <apellidoMaterno/>
  <nssISSSTE/>
  <fuente>PROCESAR</fuente>
  <procesoVigente/>
  <fueraSector/>
  <tieneCreditoFovissste/>
  <existe>true</existe>
  <sueldoBaseProcesar/>
  <sueldoBase/>
  <saldoSubcuentaVivienda/>
  <montoSAR/>
  <saldoSubcuentaVivienda92/>
  <montoSAR92/>
  <saldoSubcuentaVivienda08/>
  <montoSAR08/>
  <listaDependencias>
    <idCentroPago/>
    <nombreCentroPago/>
    <nombramiento/>
    <fechaBajaTrabajador/>
    <fechaUltimaAportacion/>
    <tieneAdeudo/>
    <tieneAdeudoRespalda2M/>
    <estatusSorteo/>
    <marcaBajaTrabajador/>
    <bimestresCotizados/>
    <sueldoBasicoCotizacionIssste/>
  </listaDependencias>
  <listaDependenciasActivas>
    <idCentroPago/>
  </listaDependenciasActivas>
</respuesta></S:Body></S:Envelope>
TID: [-1] [] [2020-05-31 15:17:44,295]  INFO {org.apache.synapse.transport.passthru.SourceHandler} - Writer null when calling informWriterError
TID: [-1] [] [2020-05-31 15:17:44,298]  WARN {org.apache.synapse.transport.passthru.SourceHandler} - Connection time out after request is read: http-incoming-3 Socket Timeout : 180000 Remote Address : /127.0.0.1:52203
TID: [-1234] [] [2020-05-31 15:17:44,328]  INFO {org.apache.synapse.mediators.builtin.LogMediator} - To: /wsProcesarFovissste/consultaSaldoFovissste/LETA530228HZSNRL08, WSAction: http://www.procesar.com.mx/TraspasosInfonavitFovissste/Fovissste/SolicitudCredito/consultarSaldoFovissste/, SOAPAction: http://www.procesar.com.mx/TraspasosInfonavitFovissste/Fovissste/SolicitudCredito/consultarSaldoFovissste/, MessageID: urn:uuid:05e0f4c3-7a2d-4648-b83d-af2a54778a0b, Direction: request, Base = uatacfov:TOR7$ZB8bt, Base64 = dWF0YWNmb3Y6VE9SNyRaQjhidA==, Envelope: <?xml version='1.0' encoding='utf-8'?><soapenv:Envelope xmlns:soapenv="http://schemas.xmlsoap.org/soap/envelope/"><soapenv:Body><con:consultarSaldoFovisssteRequest xmlns:con="http://www.procesar.com.mx/TraspasosInfonavitFovissste/Fovissste/SolicitudCredito/consultarSaldoFovissste/"><cuerpo><curp>LETA530228HZSNRL08</curp><idProcesar/></cuerpo></con:consultarSaldoFovisssteRequest></soapenv:Body></soapenv:Envelope>
TID: [-1234] [] [2020-05-31 15:17:44,330]  INFO {org.apache.synapse.mediators.builtin.LogMediator} - To: /wsProcesarFovissste/consultaSaldoFovissste/LETA530228HZSNRL08, WSAction: http://www.procesar.com.mx/TraspasosInfonavitFovissste/Fovissste/SolicitudCredito/consultarSaldoFovissste/, SOAPAction: http://www.procesar.com.mx/TraspasosInfonavitFovissste/Fovissste/SolicitudCredito/consultarSaldoFovissste/, MessageID: urn:uuid:05e0f4c3-7a2d-4648-b83d-af2a54778a0b, Direction: request, Envelope: <?xml version='1.0' encoding='utf-8'?><soapenv:Envelope xmlns:soapenv="http://schemas.xmlsoap.org/soap/envelope/"><soapenv:Body><con:consultarSaldoFovisssteRequest xmlns:con="http://www.procesar.com.mx/TraspasosInfonavitFovissste/Fovissste/SolicitudCredito/consultarSaldoFovissste/"><cuerpo><curp>LETA530228HZSNRL08</curp><idProcesar/></cuerpo></con:consultarSaldoFovisssteRequest></soapenv:Body></soapenv:Envelope>
TID: [-1234] [] [2020-05-31 15:17:44,554]  INFO {org.apache.synapse.mediators.builtin.LogMediator} - To: http://www.w3.org/2005/08/addressing/anonymous, WSAction: , SOAPAction: , MessageID: urn:uuid:420dd0ca-239f-4f8d-9dff-801a36879a42, Direction: response, Envelope: <?xml version='1.0' encoding='utf-8'?><S:Envelope xmlns:S="http://schemas.xmlsoap.org/soap/envelope/"><S:Body><respuesta>
  <estatusRespuesta>02</estatusRespuesta>
  <codigoMotivoRechazo>049</codigoMotivoRechazo>
  <descripcionMotivoRechazo>TRABAJADOR NO SE ENCUENTRA AFILIADO</descripcionMotivoRechazo>
  <curp/>
  <rfc/>
  <nombreTrabajador/>
  <apellidoPaterno/>
  <apellidoMaterno/>
  <nssISSSTE/>
  <fuente>PROCESAR</fuente>
  <procesoVigente/>
  <fueraSector/>
  <tieneCreditoFovissste/>
  <existe>true</existe>
  <sueldoBaseProcesar/>
  <sueldoBase/>
  <saldoSubcuentaVivienda/>
  <montoSAR/>
  <saldoSubcuentaVivienda92/>
  <montoSAR92/>
  <saldoSubcuentaVivienda08/>
  <montoSAR08/>
  <listaDependencias>
    <idCentroPago/>
    <nombreCentroPago/>
    <nombramiento/>
    <fechaBajaTrabajador/>
    <fechaUltimaAportacion/>
    <tieneAdeudo/>
    <tieneAdeudoRespalda2M/>
    <estatusSorteo/>
    <marcaBajaTrabajador/>
    <bimestresCotizados/>
    <sueldoBasicoCotizacionIssste/>
  </listaDependencias>
  <listaDependenciasActivas>
    <idCentroPago/>
  </listaDependenciasActivas>
</respuesta></S:Body></S:Envelope>
TID: [-1234] [] [2020-05-31 15:23:45,593]  INFO {org.apache.synapse.mediators.builtin.LogMediator} - To: /wsProcesarFovissste/consultaSaldoFovissste/LETA530228HZSNRL08, WSAction: http://www.procesar.com.mx/TraspasosInfonavitFovissste/Fovissste/SolicitudCredito/consultarSaldoFovissste/, SOAPAction: http://www.procesar.com.mx/TraspasosInfonavitFovissste/Fovissste/SolicitudCredito/consultarSaldoFovissste/, MessageID: urn:uuid:cc078b82-ad45-44da-9069-d28987931162, Direction: request, Base = uatacfov:TOR7$ZB8bt, Base64 = dWF0YWNmb3Y6VE9SNyRaQjhidA==, Envelope: <?xml version='1.0' encoding='utf-8'?><soapenv:Envelope xmlns:soapenv="http://schemas.xmlsoap.org/soap/envelope/"><soapenv:Body><con:consultarSaldoFovisssteRequest xmlns:con="http://www.procesar.com.mx/TraspasosInfonavitFovissste/Fovissste/SolicitudCredito/consultarSaldoFovissste/"><cuerpo><curp>LETA530228HZSNRL08</curp><idProcesar/></cuerpo></con:consultarSaldoFovisssteRequest></soapenv:Body></soapenv:Envelope>
TID: [-1234] [] [2020-05-31 15:23:45,596]  INFO {org.apache.synapse.mediators.builtin.LogMediator} - To: /wsProcesarFovissste/consultaSaldoFovissste/LETA530228HZSNRL08, WSAction: http://www.procesar.com.mx/TraspasosInfonavitFovissste/Fovissste/SolicitudCredito/consultarSaldoFovissste/, SOAPAction: http://www.procesar.com.mx/TraspasosInfonavitFovissste/Fovissste/SolicitudCredito/consultarSaldoFovissste/, MessageID: urn:uuid:cc078b82-ad45-44da-9069-d28987931162, Direction: request, Envelope: <?xml version='1.0' encoding='utf-8'?><soapenv:Envelope xmlns:soapenv="http://schemas.xmlsoap.org/soap/envelope/"><soapenv:Body><con:consultarSaldoFovisssteRequest xmlns:con="http://www.procesar.com.mx/TraspasosInfonavitFovissste/Fovissste/SolicitudCredito/consultarSaldoFovissste/"><cuerpo><curp>LETA530228HZSNRL08</curp><idProcesar/></cuerpo></con:consultarSaldoFovisssteRequest></soapenv:Body></soapenv:Envelope>
TID: [-1234] [] [2020-05-31 15:23:45,829]  INFO {org.apache.synapse.mediators.builtin.LogMediator} - To: http://www.w3.org/2005/08/addressing/anonymous, WSAction: , SOAPAction: , MessageID: urn:uuid:373faa25-80ac-45e5-a68b-f6709c5a07a0, Direction: response, Envelope: <?xml version='1.0' encoding='utf-8'?><S:Envelope xmlns:S="http://schemas.xmlsoap.org/soap/envelope/"><S:Body><respuesta>
  <estatusRespuesta>02</estatusRespuesta>
  <codigoMotivoRechazo>049</codigoMotivoRechazo>
  <descripcionMotivoRechazo>TRABAJADOR NO SE ENCUENTRA AFILIADO</descripcionMotivoRechazo>
  <curp/>
  <rfc/>
  <nombreTrabajador/>
  <apellidoPaterno/>
  <apellidoMaterno/>
  <nssISSSTE/>
  <fuente>PROCESAR</fuente>
  <procesoVigente/>
  <fueraSector/>
  <tieneCreditoFovissste/>
  <existe>true</existe>
  <sueldoBaseProcesar/>
  <sueldoBase/>
  <saldoSubcuentaVivienda/>
  <montoSAR/>
  <saldoSubcuentaVivienda92/>
  <montoSAR92/>
  <saldoSubcuentaVivienda08/>
  <montoSAR08/>
  <listaDependencias>
    <idCentroPago/>
    <nombreCentroPago/>
    <nombramiento/>
    <fechaBajaTrabajador/>
    <fechaUltimaAportacion/>
    <tieneAdeudo/>
    <tieneAdeudoRespalda2M/>
    <estatusSorteo/>
    <marcaBajaTrabajador/>
    <bimestresCotizados/>
    <sueldoBasicoCotizacionIssste/>
  </listaDependencias>
  <listaDependenciasActivas>
    <idCentroPago/>
  </listaDependenciasActivas>
</respuesta></S:Body></S:Envelope>
TID: [-1234] [] [2020-05-31 15:24:28,022]  INFO {org.apache.synapse.mediators.builtin.LogMediator} - To: /wsProcesarFovissste/consultaSaldoFovissste/AAOJ930416HDFYRR04, WSAction: http://www.procesar.com.mx/TraspasosInfonavitFovissste/Fovissste/SolicitudCredito/consultarSaldoFovissste/, SOAPAction: http://www.procesar.com.mx/TraspasosInfonavitFovissste/Fovissste/SolicitudCredito/consultarSaldoFovissste/, MessageID: urn:uuid:a700e2fe-581e-4786-b154-2f28f4cc6ab0, Direction: request, Base = uatacfov:TOR7$ZB8bt, Base64 = dWF0YWNmb3Y6VE9SNyRaQjhidA==, Envelope: <?xml version='1.0' encoding='utf-8'?><soapenv:Envelope xmlns:soapenv="http://schemas.xmlsoap.org/soap/envelope/"><soapenv:Body><con:consultarSaldoFovisssteRequest xmlns:con="http://www.procesar.com.mx/TraspasosInfonavitFovissste/Fovissste/SolicitudCredito/consultarSaldoFovissste/"><cuerpo><curp>AAOJ930416HDFYRR04</curp><idProcesar/></cuerpo></con:consultarSaldoFovisssteRequest></soapenv:Body></soapenv:Envelope>
TID: [-1234] [] [2020-05-31 15:24:28,026]  INFO {org.apache.synapse.mediators.builtin.LogMediator} - To: /wsProcesarFovissste/consultaSaldoFovissste/AAOJ930416HDFYRR04, WSAction: http://www.procesar.com.mx/TraspasosInfonavitFovissste/Fovissste/SolicitudCredito/consultarSaldoFovissste/, SOAPAction: http://www.procesar.com.mx/TraspasosInfonavitFovissste/Fovissste/SolicitudCredito/consultarSaldoFovissste/, MessageID: urn:uuid:a700e2fe-581e-4786-b154-2f28f4cc6ab0, Direction: request, Envelope: <?xml version='1.0' encoding='utf-8'?><soapenv:Envelope xmlns:soapenv="http://schemas.xmlsoap.org/soap/envelope/"><soapenv:Body><con:consultarSaldoFovisssteRequest xmlns:con="http://www.procesar.com.mx/TraspasosInfonavitFovissste/Fovissste/SolicitudCredito/consultarSaldoFovissste/"><cuerpo><curp>AAOJ930416HDFYRR04</curp><idProcesar/></cuerpo></con:consultarSaldoFovisssteRequest></soapenv:Body></soapenv:Envelope>
TID: [-1234] [] [2020-05-31 15:24:28,401]  INFO {org.apache.synapse.mediators.builtin.LogMediator} - To: http://www.w3.org/2005/08/addressing/anonymous, WSAction: , SOAPAction: , MessageID: urn:uuid:ccdde4a8-e0e8-4a6a-a21b-ea772fb5dfd6, Direction: response, Envelope: <?xml version='1.0' encoding='utf-8'?><S:Envelope xmlns:S="http://schemas.xmlsoap.org/soap/envelope/"><S:Body><respuesta>
  <estatusRespuesta>01</estatusRespuesta>
  <codigoMotivoRechazo/>
  <descripcionMotivoRechazo/>
  <curp>AAOJ930416HDFYRR04</curp>
  <rfc/>
  <nombreTrabajador>JORGE CARLOS</nombreTrabajador>
  <apellidoPaterno>AYALA</apellidoPaterno>
  <apellidoMaterno>ORTIZ</apellidoMaterno>
  <nssISSSTE>00000000000</nssISSSTE>
  <fuente>PROCESAR</fuente>
  <procesoVigente/>
  <fueraSector>true</fueraSector>
  <tieneCreditoFovissste>0</tieneCreditoFovissste>
  <existe>true</existe>
  <sueldoBaseProcesar>9331.94</sueldoBaseProcesar>
  <sueldoBase>283690.976</sueldoBase>
  <saldoSubcuentaVivienda>0</saldoSubcuentaVivienda>
  <montoSAR>0</montoSAR>
  <saldoSubcuentaVivienda92>0</saldoSubcuentaVivienda92>
  <montoSAR92>0</montoSAR92>
  <saldoSubcuentaVivienda08>6020.636607</saldoSubcuentaVivienda08>
  <montoSAR08>14483.688860502716</montoSAR08>
  <listaDependencias>
    <idCentroPago>6091056</idCentroPago>
    <nombreCentroPago>GOBIERNO DEL DISTRITO FEDERAL</nombreCentroPago>
    <nombramiento>2</nombramiento>
    <fechaBajaTrabajador/>
    <fechaUltimaAportacion/>
    <tieneAdeudo>true</tieneAdeudo>
    <tieneAdeudoRespalda2M>true</tieneAdeudoRespalda2M>
    <estatusSorteo>true</estatusSorteo>
    <marcaBajaTrabajador>false</marcaBajaTrabajador>
    <bimestresCotizados>20</bimestresCotizados>
    <sueldoBasicoCotizacionIssste>18663.88</sueldoBasicoCotizacionIssste>
  </listaDependencias>
  <listaDependenciasActivas>
    <idCentroPago/>
  </listaDependenciasActivas>
</respuesta></S:Body></S:Envelope>
TID: [-1234] [] [2020-05-31 15:28:09,994]  INFO {org.apache.synapse.mediators.builtin.LogMediator} - To: /wsProcesarFovissste/consultaSaldoFovissste/AAOJ930416HDFYRR04, WSAction: http://www.procesar.com.mx/TraspasosInfonavitFovissste/Fovissste/SolicitudCredito/consultarSaldoFovissste/, SOAPAction: http://www.procesar.com.mx/TraspasosInfonavitFovissste/Fovissste/SolicitudCredito/consultarSaldoFovissste/, MessageID: urn:uuid:031f125b-2417-4593-b7d7-cbd2f53277cc, Direction: request, Base = uatacfov:TOR7$ZB8bt, Base64 = dWF0YWNmb3Y6VE9SNyRaQjhidA==, Envelope: <?xml version='1.0' encoding='utf-8'?><soapenv:Envelope xmlns:soapenv="http://schemas.xmlsoap.org/soap/envelope/"><soapenv:Body><con:consultarSaldoFovisssteRequest xmlns:con="http://www.procesar.com.mx/TraspasosInfonavitFovissste/Fovissste/SolicitudCredito/consultarSaldoFovissste/"><cuerpo><curp>AAOJ930416HDFYRR04</curp><idProcesar/></cuerpo></con:consultarSaldoFovisssteRequest></soapenv:Body></soapenv:Envelope>
TID: [-1234] [] [2020-05-31 15:28:09,997]  INFO {org.apache.synapse.mediators.builtin.LogMediator} - To: /wsProcesarFovissste/consultaSaldoFovissste/AAOJ930416HDFYRR04, WSAction: http://www.procesar.com.mx/TraspasosInfonavitFovissste/Fovissste/SolicitudCredito/consultarSaldoFovissste/, SOAPAction: http://www.procesar.com.mx/TraspasosInfonavitFovissste/Fovissste/SolicitudCredito/consultarSaldoFovissste/, MessageID: urn:uuid:031f125b-2417-4593-b7d7-cbd2f53277cc, Direction: request, Envelope: <?xml version='1.0' encoding='utf-8'?><soapenv:Envelope xmlns:soapenv="http://schemas.xmlsoap.org/soap/envelope/"><soapenv:Body><con:consultarSaldoFovisssteRequest xmlns:con="http://www.procesar.com.mx/TraspasosInfonavitFovissste/Fovissste/SolicitudCredito/consultarSaldoFovissste/"><cuerpo><curp>AAOJ930416HDFYRR04</curp><idProcesar/></cuerpo></con:consultarSaldoFovisssteRequest></soapenv:Body></soapenv:Envelope>
TID: [-1234] [] [2020-05-31 15:28:10,303]  INFO {org.apache.synapse.mediators.builtin.LogMediator} - To: http://www.w3.org/2005/08/addressing/anonymous, WSAction: , SOAPAction: , MessageID: urn:uuid:d27a0457-c59a-4002-8bd0-c2b57e581e9e, Direction: response, Envelope: <?xml version='1.0' encoding='utf-8'?><S:Envelope xmlns:S="http://schemas.xmlsoap.org/soap/envelope/"><S:Body><respuesta>
  <estatusRespuesta>01</estatusRespuesta>
  <codigoMotivoRechazo/>
  <descripcionMotivoRechazo/>
  <curp>AAOJ930416HDFYRR04</curp>
  <rfc/>
  <nombreTrabajador>JORGE CARLOS</nombreTrabajador>
  <apellidoPaterno>AYALA</apellidoPaterno>
  <apellidoMaterno>ORTIZ</apellidoMaterno>
  <nssISSSTE>00000000000</nssISSSTE>
  <fuente>PROCESAR</fuente>
  <procesoVigente/>
  <fueraSector>true</fueraSector>
  <tieneCreditoFovissste>0</tieneCreditoFovissste>
  <existe>true</existe>
  <sueldoBaseProcesar>9331.94</sueldoBaseProcesar>
  <sueldoBase>283690.976</sueldoBase>
  <saldoSubcuentaVivienda>0</saldoSubcuentaVivienda>
  <montoSAR>0</montoSAR>
  <saldoSubcuentaVivienda92>0</saldoSubcuentaVivienda92>
  <montoSAR92>0</montoSAR92>
  <saldoSubcuentaVivienda08>6020.636607</saldoSubcuentaVivienda08>
  <montoSAR08>14483.688860502716</montoSAR08>
  <listaDependencias>
    <idCentroPago>6091056</idCentroPago>
    <nombreCentroPago>GOBIERNO DEL DISTRITO FEDERAL</nombreCentroPago>
    <nombramiento>2</nombramiento>
    <fechaBajaTrabajador/>
    <fechaUltimaAportacion/>
    <tieneAdeudo>true</tieneAdeudo>
    <tieneAdeudoRespalda2M>true</tieneAdeudoRespalda2M>
    <estatusSorteo>true</estatusSorteo>
    <marcaBajaTrabajador>false</marcaBajaTrabajador>
    <bimestresCotizados>20</bimestresCotizados>
    <sueldoBasicoCotizacionIssste>18663.88</sueldoBasicoCotizacionIssste>
  </listaDependencias>
  <listaDependenciasActivas>
    <idCentroPago/>
  </listaDependenciasActivas>
</respuesta></S:Body></S:Envelope>
TID: [-1234] [] [2020-05-31 15:34:30,743]  INFO {org.apache.synapse.mediators.builtin.LogMediator} - To: /wsProcesarFovissste/consultaSaldoFovissste/AAOJ930416HDFYRR04, WSAction: http://www.procesar.com.mx/TraspasosInfonavitFovissste/Fovissste/SolicitudCredito/consultarSaldoFovissste/, SOAPAction: http://www.procesar.com.mx/TraspasosInfonavitFovissste/Fovissste/SolicitudCredito/consultarSaldoFovissste/, MessageID: urn:uuid:814cb163-78cd-46db-8624-0959ce70817e, Direction: request, Base = uatacfov:TOR7$ZB8bt, Base64 = dWF0YWNmb3Y6VE9SNyRaQjhidA==, Envelope: <?xml version='1.0' encoding='utf-8'?><soapenv:Envelope xmlns:soapenv="http://schemas.xmlsoap.org/soap/envelope/"><soapenv:Body><con:consultarSaldoFovisssteRequest xmlns:con="http://www.procesar.com.mx/TraspasosInfonavitFovissste/Fovissste/SolicitudCredito/consultarSaldoFovissste/"><cuerpo><curp>AAOJ930416HDFYRR04</curp><idProcesar/></cuerpo></con:consultarSaldoFovisssteRequest></soapenv:Body></soapenv:Envelope>
TID: [-1234] [] [2020-05-31 15:34:30,748]  INFO {org.apache.synapse.mediators.builtin.LogMediator} - To: /wsProcesarFovissste/consultaSaldoFovissste/AAOJ930416HDFYRR04, WSAction: http://www.procesar.com.mx/TraspasosInfonavitFovissste/Fovissste/SolicitudCredito/consultarSaldoFovissste/, SOAPAction: http://www.procesar.com.mx/TraspasosInfonavitFovissste/Fovissste/SolicitudCredito/consultarSaldoFovissste/, MessageID: urn:uuid:814cb163-78cd-46db-8624-0959ce70817e, Direction: request, Envelope: <?xml version='1.0' encoding='utf-8'?><soapenv:Envelope xmlns:soapenv="http://schemas.xmlsoap.org/soap/envelope/"><soapenv:Body><con:consultarSaldoFovisssteRequest xmlns:con="http://www.procesar.com.mx/TraspasosInfonavitFovissste/Fovissste/SolicitudCredito/consultarSaldoFovissste/"><cuerpo><curp>AAOJ930416HDFYRR04</curp><idProcesar/></cuerpo></con:consultarSaldoFovisssteRequest></soapenv:Body></soapenv:Envelope>
TID: [-1234] [] [2020-05-31 15:34:30,991]  INFO {org.apache.synapse.mediators.builtin.LogMediator} - To: http://www.w3.org/2005/08/addressing/anonymous, WSAction: , SOAPAction: , MessageID: urn:uuid:49913b9a-b3db-4e6e-a83f-91a098899771, Direction: response, Envelope: <?xml version='1.0' encoding='utf-8'?><S:Envelope xmlns:S="http://schemas.xmlsoap.org/soap/envelope/"><S:Body><respuesta>
  <estatusRespuesta>01</estatusRespuesta>
  <codigoMotivoRechazo/>
  <descripcionMotivoRechazo/>
  <curp>AAOJ930416HDFYRR04</curp>
  <rfc/>
  <nombreTrabajador>JORGE CARLOS</nombreTrabajador>
  <apellidoPaterno>AYALA</apellidoPaterno>
  <apellidoMaterno>ORTIZ</apellidoMaterno>
  <nssISSSTE>00000000000</nssISSSTE>
  <fuente>PROCESAR</fuente>
  <procesoVigente/>
  <fueraSector>true</fueraSector>
  <tieneCreditoFovissste>0</tieneCreditoFovissste>
  <existe>true</existe>
  <sueldoBaseProcesar>9331.94</sueldoBaseProcesar>
  <sueldoBase>283690.976</sueldoBase>
  <saldoSubcuentaVivienda>0</saldoSubcuentaVivienda>
  <montoSAR>0</montoSAR>
  <saldoSubcuentaVivienda92>0</saldoSubcuentaVivienda92>
  <montoSAR92>0</montoSAR92>
  <saldoSubcuentaVivienda08>6020.636607</saldoSubcuentaVivienda08>
  <montoSAR08>14483.688860502716</montoSAR08>
  <listaDependencias>
    <idCentroPago>6091056</idCentroPago>
    <nombreCentroPago>GOBIERNO DEL DISTRITO FEDERAL</nombreCentroPago>
    <nombramiento>2</nombramiento>
    <fechaBajaTrabajador/>
    <fechaUltimaAportacion/>
    <tieneAdeudo>true</tieneAdeudo>
    <tieneAdeudoRespalda2M>true</tieneAdeudoRespalda2M>
    <estatusSorteo>true</estatusSorteo>
    <marcaBajaTrabajador>false</marcaBajaTrabajador>
    <bimestresCotizados>20</bimestresCotizados>
    <sueldoBasicoCotizacionIssste>18663.88</sueldoBasicoCotizacionIssste>
  </listaDependencias>
  <listaDependenciasActivas>
    <idCentroPago/>
  </listaDependenciasActivas>
</respuesta></S:Body></S:Envelope>
TID: [-1234] [] [2020-05-31 16:23:44,736]  INFO {org.apache.synapse.mediators.builtin.LogMediator} - To: /wsProcesarFovissste/consultaSaldoFovissste/AAOJ930416HDFYRR04, WSAction: http://www.procesar.com.mx/TraspasosInfonavitFovissste/Fovissste/SolicitudCredito/consultarSaldoFovissste/, SOAPAction: http://www.procesar.com.mx/TraspasosInfonavitFovissste/Fovissste/SolicitudCredito/consultarSaldoFovissste/, MessageID: urn:uuid:7150e229-6b91-4121-ad61-c726efcfee22, Direction: request, Base = uatacfov:TOR7$ZB8bt, Base64 = dWF0YWNmb3Y6VE9SNyRaQjhidA==, Envelope: <?xml version='1.0' encoding='utf-8'?><soapenv:Envelope xmlns:soapenv="http://schemas.xmlsoap.org/soap/envelope/"><soapenv:Body><con:consultarSaldoFovisssteRequest xmlns:con="http://www.procesar.com.mx/TraspasosInfonavitFovissste/Fovissste/SolicitudCredito/consultarSaldoFovissste/"><cuerpo><curp>AAOJ930416HDFYRR04</curp><idProcesar/></cuerpo></con:consultarSaldoFovisssteRequest></soapenv:Body></soapenv:Envelope>
TID: [-1234] [] [2020-05-31 16:23:44,739]  INFO {org.apache.synapse.mediators.builtin.LogMediator} - To: /wsProcesarFovissste/consultaSaldoFovissste/AAOJ930416HDFYRR04, WSAction: http://www.procesar.com.mx/TraspasosInfonavitFovissste/Fovissste/SolicitudCredito/consultarSaldoFovissste/, SOAPAction: http://www.procesar.com.mx/TraspasosInfonavitFovissste/Fovissste/SolicitudCredito/consultarSaldoFovissste/, MessageID: urn:uuid:7150e229-6b91-4121-ad61-c726efcfee22, Direction: request, Envelope: <?xml version='1.0' encoding='utf-8'?><soapenv:Envelope xmlns:soapenv="http://schemas.xmlsoap.org/soap/envelope/"><soapenv:Body><con:consultarSaldoFovisssteRequest xmlns:con="http://www.procesar.com.mx/TraspasosInfonavitFovissste/Fovissste/SolicitudCredito/consultarSaldoFovissste/"><cuerpo><curp>AAOJ930416HDFYRR04</curp><idProcesar/></cuerpo></con:consultarSaldoFovisssteRequest></soapenv:Body></soapenv:Envelope>
TID: [-1234] [] [2020-05-31 16:23:45,008]  INFO {org.apache.synapse.mediators.builtin.LogMediator} - To: http://www.w3.org/2005/08/addressing/anonymous, WSAction: , SOAPAction: , MessageID: urn:uuid:d228430f-c694-42ab-8139-f2956a41a6e8, Direction: response, Envelope: <?xml version='1.0' encoding='utf-8'?><S:Envelope xmlns:S="http://schemas.xmlsoap.org/soap/envelope/"><S:Body><respuesta>
  <estatusRespuesta>01</estatusRespuesta>
  <codigoMotivoRechazo/>
  <descripcionMotivoRechazo/>
  <curp>AAOJ930416HDFYRR04</curp>
  <rfc/>
  <nombreTrabajador>JORGE CARLOS</nombreTrabajador>
  <apellidoPaterno>AYALA</apellidoPaterno>
  <apellidoMaterno>ORTIZ</apellidoMaterno>
  <nssISSSTE>00000000000</nssISSSTE>
  <fuente>PROCESAR</fuente>
  <procesoVigente/>
  <fueraSector>true</fueraSector>
  <tieneCreditoFovissste>0</tieneCreditoFovissste>
  <existe>true</existe>
  <sueldoBaseProcesar>9331.94</sueldoBaseProcesar>
  <sueldoBase>283690.976</sueldoBase>
  <saldoSubcuentaVivienda>0</saldoSubcuentaVivienda>
  <montoSAR>0</montoSAR>
  <saldoSubcuentaVivienda92>0</saldoSubcuentaVivienda92>
  <montoSAR92>0</montoSAR92>
  <saldoSubcuentaVivienda08>6020.636607</saldoSubcuentaVivienda08>
  <montoSAR08>14483.688860502716</montoSAR08>
  <listaDependencias>
    <idCentroPago>6091056</idCentroPago>
    <nombreCentroPago>GOBIERNO DEL DISTRITO FEDERAL</nombreCentroPago>
    <nombramiento>2</nombramiento>
    <fechaBajaTrabajador/>
    <fechaUltimaAportacion/>
    <tieneAdeudo>true</tieneAdeudo>
    <tieneAdeudoRespalda2M>true</tieneAdeudoRespalda2M>
    <estatusSorteo>true</estatusSorteo>
    <marcaBajaTrabajador>false</marcaBajaTrabajador>
    <bimestresCotizados>20</bimestresCotizados>
    <sueldoBasicoCotizacionIssste>18663.88</sueldoBasicoCotizacionIssste>
  </listaDependencias>
  <listaDependenciasActivas>
    <idCentroPago/>
  </listaDependenciasActivas>
</respuesta></S:Body></S:Envelope>
TID: [-1234] [] [2020-05-31 16:24:14,655]  INFO {org.apache.synapse.mediators.builtin.LogMediator} - To: /wsProcesarFovissste/consultaSaldoFovissste/AAOJ930416HDFYRR04, WSAction: http://www.procesar.com.mx/TraspasosInfonavitFovissste/Fovissste/SolicitudCredito/consultarSaldoFovissste/, SOAPAction: http://www.procesar.com.mx/TraspasosInfonavitFovissste/Fovissste/SolicitudCredito/consultarSaldoFovissste/, MessageID: urn:uuid:38dce414-859a-4793-bb65-c7a875d2e117, Direction: request, Base = uatacfov:TOR7$ZB8bt, Base64 = dWF0YWNmb3Y6VE9SNyRaQjhidA==, Envelope: <?xml version='1.0' encoding='utf-8'?><soapenv:Envelope xmlns:soapenv="http://schemas.xmlsoap.org/soap/envelope/"><soapenv:Body><con:consultarSaldoFovisssteRequest xmlns:con="http://www.procesar.com.mx/TraspasosInfonavitFovissste/Fovissste/SolicitudCredito/consultarSaldoFovissste/"><cuerpo><curp>AAOJ930416HDFYRR04</curp><idProcesar/></cuerpo></con:consultarSaldoFovisssteRequest></soapenv:Body></soapenv:Envelope>
TID: [-1234] [] [2020-05-31 16:24:14,659]  INFO {org.apache.synapse.mediators.builtin.LogMediator} - To: /wsProcesarFovissste/consultaSaldoFovissste/AAOJ930416HDFYRR04, WSAction: http://www.procesar.com.mx/TraspasosInfonavitFovissste/Fovissste/SolicitudCredito/consultarSaldoFovissste/, SOAPAction: http://www.procesar.com.mx/TraspasosInfonavitFovissste/Fovissste/SolicitudCredito/consultarSaldoFovissste/, MessageID: urn:uuid:38dce414-859a-4793-bb65-c7a875d2e117, Direction: request, Envelope: <?xml version='1.0' encoding='utf-8'?><soapenv:Envelope xmlns:soapenv="http://schemas.xmlsoap.org/soap/envelope/"><soapenv:Body><con:consultarSaldoFovisssteRequest xmlns:con="http://www.procesar.com.mx/TraspasosInfonavitFovissste/Fovissste/SolicitudCredito/consultarSaldoFovissste/"><cuerpo><curp>AAOJ930416HDFYRR04</curp><idProcesar/></cuerpo></con:consultarSaldoFovisssteRequest></soapenv:Body></soapenv:Envelope>
TID: [-1234] [] [2020-05-31 16:24:14,911]  INFO {org.apache.synapse.mediators.builtin.LogMediator} - To: http://www.w3.org/2005/08/addressing/anonymous, WSAction: , SOAPAction: , MessageID: urn:uuid:60c7b24e-b456-4a69-8188-14336cbe6974, Direction: response, Envelope: <?xml version='1.0' encoding='utf-8'?><S:Envelope xmlns:S="http://schemas.xmlsoap.org/soap/envelope/"><S:Body><respuesta>
  <estatusRespuesta>01</estatusRespuesta>
  <codigoMotivoRechazo/>
  <descripcionMotivoRechazo/>
  <curp>AAOJ930416HDFYRR04</curp>
  <rfc/>
  <nombreTrabajador>JORGE CARLOS</nombreTrabajador>
  <apellidoPaterno>AYALA</apellidoPaterno>
  <apellidoMaterno>ORTIZ</apellidoMaterno>
  <nssISSSTE>00000000000</nssISSSTE>
  <fuente>PROCESAR</fuente>
  <procesoVigente/>
  <fueraSector>true</fueraSector>
  <tieneCreditoFovissste>0</tieneCreditoFovissste>
  <existe>true</existe>
  <sueldoBaseProcesar>9331.94</sueldoBaseProcesar>
  <sueldoBase>283690.976</sueldoBase>
  <saldoSubcuentaVivienda>0</saldoSubcuentaVivienda>
  <montoSAR>0</montoSAR>
  <saldoSubcuentaVivienda92>0</saldoSubcuentaVivienda92>
  <montoSAR92>0</montoSAR92>
  <saldoSubcuentaVivienda08>6020.636607</saldoSubcuentaVivienda08>
  <montoSAR08>14483.688860502716</montoSAR08>
  <listaDependencias>
    <idCentroPago>6091056</idCentroPago>
    <nombreCentroPago>GOBIERNO DEL DISTRITO FEDERAL</nombreCentroPago>
    <nombramiento>2</nombramiento>
    <fechaBajaTrabajador/>
    <fechaUltimaAportacion/>
    <tieneAdeudo>true</tieneAdeudo>
    <tieneAdeudoRespalda2M>true</tieneAdeudoRespalda2M>
    <estatusSorteo>true</estatusSorteo>
    <marcaBajaTrabajador>false</marcaBajaTrabajador>
    <bimestresCotizados>20</bimestresCotizados>
    <sueldoBasicoCotizacionIssste>18663.88</sueldoBasicoCotizacionIssste>
  </listaDependencias>
  <listaDependenciasActivas>
    <idCentroPago/>
  </listaDependenciasActivas>
</respuesta></S:Body></S:Envelope>
TID: [-1234] [] [2020-05-31 16:25:27,778]  INFO {org.apache.synapse.mediators.builtin.LogMediator} - To: /wsProcesarFovissste/consultaSaldoFovissste/AAOJ930416HDFYRR04, WSAction: http://www.procesar.com.mx/TraspasosInfonavitFovissste/Fovissste/SolicitudCredito/consultarSaldoFovissste/, SOAPAction: http://www.procesar.com.mx/TraspasosInfonavitFovissste/Fovissste/SolicitudCredito/consultarSaldoFovissste/, MessageID: urn:uuid:364c6a01-9b9d-4578-a360-b34cf210c0f5, Direction: request, Base = uatacfov:TOR7$ZB8bt, Base64 = dWF0YWNmb3Y6VE9SNyRaQjhidA==, Envelope: <?xml version='1.0' encoding='utf-8'?><soapenv:Envelope xmlns:soapenv="http://schemas.xmlsoap.org/soap/envelope/"><soapenv:Body><con:consultarSaldoFovisssteRequest xmlns:con="http://www.procesar.com.mx/TraspasosInfonavitFovissste/Fovissste/SolicitudCredito/consultarSaldoFovissste/"><cuerpo><curp>AAOJ930416HDFYRR04</curp><idProcesar/></cuerpo></con:consultarSaldoFovisssteRequest></soapenv:Body></soapenv:Envelope>
TID: [-1234] [] [2020-05-31 16:25:27,781]  INFO {org.apache.synapse.mediators.builtin.LogMediator} - To: /wsProcesarFovissste/consultaSaldoFovissste/AAOJ930416HDFYRR04, WSAction: http://www.procesar.com.mx/TraspasosInfonavitFovissste/Fovissste/SolicitudCredito/consultarSaldoFovissste/, SOAPAction: http://www.procesar.com.mx/TraspasosInfonavitFovissste/Fovissste/SolicitudCredito/consultarSaldoFovissste/, MessageID: urn:uuid:364c6a01-9b9d-4578-a360-b34cf210c0f5, Direction: request, Envelope: <?xml version='1.0' encoding='utf-8'?><soapenv:Envelope xmlns:soapenv="http://schemas.xmlsoap.org/soap/envelope/"><soapenv:Body><con:consultarSaldoFovisssteRequest xmlns:con="http://www.procesar.com.mx/TraspasosInfonavitFovissste/Fovissste/SolicitudCredito/consultarSaldoFovissste/"><cuerpo><curp>AAOJ930416HDFYRR04</curp><idProcesar/></cuerpo></con:consultarSaldoFovisssteRequest></soapenv:Body></soapenv:Envelope>
TID: [-1234] [] [2020-05-31 16:25:28,032]  INFO {org.apache.synapse.mediators.builtin.LogMediator} - To: http://www.w3.org/2005/08/addressing/anonymous, WSAction: , SOAPAction: , MessageID: urn:uuid:349d5371-c782-40bc-b96c-4bfeee7cb2a8, Direction: response, Envelope: <?xml version='1.0' encoding='utf-8'?><S:Envelope xmlns:S="http://schemas.xmlsoap.org/soap/envelope/"><S:Body><respuesta>
  <estatusRespuesta>01</estatusRespuesta>
  <codigoMotivoRechazo/>
  <descripcionMotivoRechazo/>
  <curp>AAOJ930416HDFYRR04</curp>
  <rfc/>
  <nombreTrabajador>JORGE CARLOS</nombreTrabajador>
  <apellidoPaterno>AYALA</apellidoPaterno>
  <apellidoMaterno>ORTIZ</apellidoMaterno>
  <nssISSSTE>00000000000</nssISSSTE>
  <fuente>PROCESAR</fuente>
  <procesoVigente/>
  <fueraSector>true</fueraSector>
  <tieneCreditoFovissste>0</tieneCreditoFovissste>
  <existe>true</existe>
  <sueldoBaseProcesar>9331.94</sueldoBaseProcesar>
  <sueldoBase>283690.976</sueldoBase>
  <saldoSubcuentaVivienda>0</saldoSubcuentaVivienda>
  <montoSAR>0</montoSAR>
  <saldoSubcuentaVivienda92>0</saldoSubcuentaVivienda92>
  <montoSAR92>0</montoSAR92>
  <saldoSubcuentaVivienda08>6020.636607</saldoSubcuentaVivienda08>
  <montoSAR08>14483.688860502716</montoSAR08>
  <listaDependencias>
    <idCentroPago>6091056</idCentroPago>
    <nombreCentroPago>GOBIERNO DEL DISTRITO FEDERAL</nombreCentroPago>
    <nombramiento>2</nombramiento>
    <fechaBajaTrabajador/>
    <fechaUltimaAportacion/>
    <tieneAdeudo>true</tieneAdeudo>
    <tieneAdeudoRespalda2M>true</tieneAdeudoRespalda2M>
    <estatusSorteo>true</estatusSorteo>
    <marcaBajaTrabajador>false</marcaBajaTrabajador>
    <bimestresCotizados>20</bimestresCotizados>
    <sueldoBasicoCotizacionIssste>18663.88</sueldoBasicoCotizacionIssste>
  </listaDependencias>
  <listaDependenciasActivas>
    <idCentroPago/>
  </listaDependenciasActivas>
</respuesta></S:Body></S:Envelope>
TID: [-1234] [] [2020-05-31 16:41:34,487]  INFO {org.apache.synapse.mediators.builtin.LogMediator} - To: /wsProcesarFovissste/consultaSaldoFovissste/AAOJ930416HDFYRR04, WSAction: http://www.procesar.com.mx/TraspasosInfonavitFovissste/Fovissste/SolicitudCredito/consultarSaldoFovissste/, SOAPAction: http://www.procesar.com.mx/TraspasosInfonavitFovissste/Fovissste/SolicitudCredito/consultarSaldoFovissste/, MessageID: urn:uuid:c8212a64-404d-4332-a7a0-7cac6c1f74a8, Direction: request, Base = uatacfov:TOR7$ZB8bt, Base64 = dWF0YWNmb3Y6VE9SNyRaQjhidA==, Envelope: <?xml version='1.0' encoding='utf-8'?><soapenv:Envelope xmlns:soapenv="http://schemas.xmlsoap.org/soap/envelope/"><soapenv:Body><con:consultarSaldoFovisssteRequest xmlns:con="http://www.procesar.com.mx/TraspasosInfonavitFovissste/Fovissste/SolicitudCredito/consultarSaldoFovissste/"><cuerpo><curp>AAOJ930416HDFYRR04</curp><idProcesar/></cuerpo></con:consultarSaldoFovisssteRequest></soapenv:Body></soapenv:Envelope>
TID: [-1234] [] [2020-05-31 16:41:34,489]  INFO {org.apache.synapse.mediators.builtin.LogMediator} - To: /wsProcesarFovissste/consultaSaldoFovissste/AAOJ930416HDFYRR04, WSAction: http://www.procesar.com.mx/TraspasosInfonavitFovissste/Fovissste/SolicitudCredito/consultarSaldoFovissste/, SOAPAction: http://www.procesar.com.mx/TraspasosInfonavitFovissste/Fovissste/SolicitudCredito/consultarSaldoFovissste/, MessageID: urn:uuid:c8212a64-404d-4332-a7a0-7cac6c1f74a8, Direction: request, Envelope: <?xml version='1.0' encoding='utf-8'?><soapenv:Envelope xmlns:soapenv="http://schemas.xmlsoap.org/soap/envelope/"><soapenv:Body><con:consultarSaldoFovisssteRequest xmlns:con="http://www.procesar.com.mx/TraspasosInfonavitFovissste/Fovissste/SolicitudCredito/consultarSaldoFovissste/"><cuerpo><curp>AAOJ930416HDFYRR04</curp><idProcesar/></cuerpo></con:consultarSaldoFovisssteRequest></soapenv:Body></soapenv:Envelope>
TID: [-1234] [] [2020-05-31 16:41:34,924]  INFO {org.apache.synapse.mediators.builtin.LogMediator} - To: http://www.w3.org/2005/08/addressing/anonymous, WSAction: , SOAPAction: , MessageID: urn:uuid:34d03681-01c4-4c54-8668-ecb5a5731ccc, Direction: response, Envelope: <?xml version='1.0' encoding='utf-8'?><S:Envelope xmlns:S="http://schemas.xmlsoap.org/soap/envelope/"><S:Body><respuesta>
  <estatusRespuesta>01</estatusRespuesta>
  <codigoMotivoRechazo/>
  <descripcionMotivoRechazo/>
  <curp>AAOJ930416HDFYRR04</curp>
  <rfc/>
  <nombreTrabajador>JORGE CARLOS</nombreTrabajador>
  <apellidoPaterno>AYALA</apellidoPaterno>
  <apellidoMaterno>ORTIZ</apellidoMaterno>
  <nssISSSTE>00000000000</nssISSSTE>
  <fuente>PROCESAR</fuente>
  <procesoVigente/>
  <fueraSector>true</fueraSector>
  <tieneCreditoFovissste>0</tieneCreditoFovissste>
  <existe>true</existe>
  <sueldoBaseProcesar>9331.94</sueldoBaseProcesar>
  <sueldoBase>283690.976</sueldoBase>
  <saldoSubcuentaVivienda>0</saldoSubcuentaVivienda>
  <montoSAR>0</montoSAR>
  <saldoSubcuentaVivienda92>0</saldoSubcuentaVivienda92>
  <montoSAR92>0</montoSAR92>
  <saldoSubcuentaVivienda08>6020.636607</saldoSubcuentaVivienda08>
  <montoSAR08>14483.688860502716</montoSAR08>
  <listaDependencias>
    <idCentroPago>6091056</idCentroPago>
    <nombreCentroPago>GOBIERNO DEL DISTRITO FEDERAL</nombreCentroPago>
    <nombramiento>2</nombramiento>
    <fechaBajaTrabajador/>
    <fechaUltimaAportacion/>
    <tieneAdeudo>true</tieneAdeudo>
    <tieneAdeudoRespalda2M>true</tieneAdeudoRespalda2M>
    <estatusSorteo>true</estatusSorteo>
    <marcaBajaTrabajador>false</marcaBajaTrabajador>
    <bimestresCotizados>20</bimestresCotizados>
    <sueldoBasicoCotizacionIssste>18663.88</sueldoBasicoCotizacionIssste>
  </listaDependencias>
  <listaDependenciasActivas>
    <idCentroPago/>
  </listaDependenciasActivas>
</respuesta></S:Body></S:Envelope>
