TID: [-1234] [] [2020-05-25 19:57:17,647]  INFORMACIÓN {org.wso2.carbon.core.init.CarbonServerManager} - Shutdown complete 
TID: [-1234] [] [2020-05-25 19:57:17,647]  INFORMACIÓN {org.wso2.carbon.core.init.CarbonServerManager} - Halting JVM 
TID: [-1234] [] [2020-05-25 19:57:49,374]  INFO {org.wso2.carbon.core.internal.CarbonCoreActivator} - Starting WSO2 Carbon...
TID: [-1234] [] [2020-05-25 19:57:49,390]  INFO {org.wso2.carbon.core.internal.CarbonCoreActivator} - Operating System : Windows 10 10.0, amd64
TID: [-1234] [] [2020-05-25 19:57:49,390]  INFO {org.wso2.carbon.core.internal.CarbonCoreActivator} - Java Home        : C:\Program Files\Java\jdk1.8.0_241\jre
TID: [-1234] [] [2020-05-25 19:57:49,390]  INFO {org.wso2.carbon.core.internal.CarbonCoreActivator} - Java Version     : 1.8.0_241
TID: [-1234] [] [2020-05-25 19:57:49,390]  INFO {org.wso2.carbon.core.internal.CarbonCoreActivator} - Java VM          : Java HotSpot(TM) 64-Bit Server VM 25.241-b07,Oracle Corporation
TID: [-1234] [] [2020-05-25 19:57:49,390]  INFO {org.wso2.carbon.core.internal.CarbonCoreActivator} - Carbon Home      : C:\WSO2EI~1.0\bin\..
TID: [-1234] [] [2020-05-25 19:57:49,390]  INFO {org.wso2.carbon.core.internal.CarbonCoreActivator} - Java Temp Dir    : C:\WSO2EI~1.0\bin\..\wso2\tmp
TID: [-1234] [] [2020-05-25 19:57:49,390]  INFO {org.wso2.carbon.core.internal.CarbonCoreActivator} - User             : DELL, es-MX, America/Mexico_City
TID: [-1] [] [2020-05-25 19:57:49,512]  INFO {org.wso2.carbon.crypto.provider.internal.DefaultCryptoProviderComponent} - 'CryptoService.Secret' property has not been set. 'org.wso2.carbon.crypto.provider.SymmetricKeyInternalCryptoProvider' won't be registered as an internal crypto provider. Please set the secret if the provider needs to be registered.
TID: [-1] [] [2020-05-25 19:57:49,539]  INFO {org.wso2.carbon.dataservices.google.tokengen.servlet.internal.GoogleTokenGenDSComponent} - Activating GoogleTokengen DS component
TID: [-1] [] [2020-05-25 19:57:49,765]  INFO {org.wso2.carbon.event.output.adapter.kafka.internal.ds.KafkaEventAdapterServiceDS} - Successfully deployed the Kafka output event adaptor service
TID: [-1234] [] [2020-05-25 19:57:53,617]  INFO {org.wso2.carbon.registry.core.jdbc.EmbeddedRegistryService} - Configured Registry in 61ms
TID: [-1234] [] [2020-05-25 19:57:53,665]  INFO {org.wso2.carbon.registry.core.internal.RegistryCoreServiceComponent} - Registry Mode    : READ-WRITE
TID: [-1234] [] [2020-05-25 19:58:04,217]  INFO {org.wso2.carbon.registry.indexing.solr.SolrClient} - Default Embedded Solr Server Initialized
TID: [-1234] [] [2020-05-25 19:58:04,502]  INFO {org.wso2.carbon.user.core.internal.UserStoreMgtDSComponent} - Carbon UserStoreMgtDSComponent activated successfully.
TID: [-1234] [] [2020-05-25 19:58:05,828]  WARN {org.wso2.carbon.core.deployment.DeploymentInterceptor} - A valid Version not found for the module : 'wso2statistics' {super-tenant}
TID: [-1234] [] [2020-05-25 19:58:05,836]  INFO {org.wso2.carbon.identity.user.store.configuration.deployer.UserStoreConfigurationDeployer} - User Store Configuration Deployer initiated.
TID: [-1234] [] [2020-05-25 19:58:05,838]  INFO {org.wso2.carbon.identity.user.store.configuration.deployer.UserStoreConfigurationDeployer} - User Store Configuration Deployer initiated.
TID: [-1234] [] [2020-05-25 19:58:06,370]  INFO {org.apache.synapse.transport.vfs.VFSTransportSender} - VFS Sender started
TID: [-1234] [] [2020-05-25 19:58:06,399]  INFO {org.apache.synapse.transport.passthru.PassThroughHttpSender} - Initializing Pass-through HTTP/S Sender...
TID: [-1234] [] [2020-05-25 19:58:06,430]  INFO {org.apache.synapse.transport.passthru.PassThroughHttpSender} - Pass-through HTTP Sender started...
TID: [-1234] [] [2020-05-25 19:58:06,430]  INFO {org.apache.synapse.transport.passthru.PassThroughHttpSSLSender} - Initializing Pass-through HTTP/S Sender...
TID: [-1234] [] [2020-05-25 19:58:06,430]  INFO {org.apache.synapse.transport.passthru.PassThroughHttpSSLSender} - Pass-through HTTPS Sender started...
TID: [-1234] [] [2020-05-25 19:58:06,446]  INFO {org.apache.synapse.transport.passthru.PassThroughHttpListener} - Initializing Pass-through HTTP/S Listener...
TID: [-1234] [] [2020-05-25 19:58:06,477]  INFO {org.apache.synapse.transport.passthru.PassThroughHttpSSLListener} - Initializing Pass-through HTTP/S Listener...
TID: [-1234] [] [2020-05-25 19:58:09,638] ERROR {org.wso2.carbon.utils.deployment.Axis2ServiceRegistry} - Error building service from bundle : Symbolic Name: org.wso2.carbon.mediation.configadmin,Bundle Version: 4.7.30, ID: 321 java.lang.ClassCastException: org.apache.axis2.rpc.receivers.RPCInOnlyMessageReceiver cannot be cast to org.apache.axis2.engine.MessageReceiver
	at org.apache.axis2.deployment.DescriptionBuilder.loadMessageReceiver(DescriptionBuilder.java:193)
	at org.apache.axis2.deployment.DescriptionBuilder.processMessageReceivers(DescriptionBuilder.java:172)
	at org.apache.axis2.deployment.ServiceBuilder.populateService(ServiceBuilder.java:281)
	at org.apache.axis2.deployment.ServiceGroupBuilder.populateServiceGroup(ServiceGroupBuilder.java:101)
	at org.wso2.carbon.utils.deployment.Axis2ServiceRegistry.addServices(Axis2ServiceRegistry.java:226)
	at org.wso2.carbon.utils.deployment.Axis2ServiceRegistry.register(Axis2ServiceRegistry.java:107)
	at org.wso2.carbon.utils.deployment.Axis2ServiceRegistry.register(Axis2ServiceRegistry.java:94)
	at org.wso2.carbon.core.init.CarbonServerManager.initializeCarbon(CarbonServerManager.java:485)
	at org.wso2.carbon.core.init.CarbonServerManager.removePendingItem(CarbonServerManager.java:305)
	at org.wso2.carbon.core.init.PreAxis2ConfigItemListener.bundleChanged(PreAxis2ConfigItemListener.java:118)
	at org.eclipse.osgi.internal.framework.BundleContextImpl.dispatchEvent(BundleContextImpl.java:973)
	at org.eclipse.osgi.framework.eventmgr.EventManager.dispatchEvent(EventManager.java:234)
	at org.eclipse.osgi.framework.eventmgr.EventManager$EventThread.run(EventManager.java:345)

TID: [-1234] [wso2carbon-sts] [2020-05-25 19:58:11,888]  INFO {org.wso2.carbon.core.deployment.DeploymentInterceptor} - Deploying Axis2 service: wso2carbon-sts {super-tenant}
TID: [-1234] [] [2020-05-25 19:58:12,367]  INFO {org.wso2.carbon.core.init.CarbonServerManager} - Repository       : C:\WSO2EI~1.0\bin\../repository/deployment/server/
TID: [-1234] [] [2020-05-25 19:58:12,430]  INFO {org.wso2.carbon.core.multitenancy.eager.TenantLoadingConfig} - Using tenant lazy loading policy...
TID: [-1234] [] [2020-05-25 19:58:12,430]  INFO {org.wso2.carbon.core.internal.permission.update.PermissionUpdater} - Permission cache updated for tenant -1234
TID: [-1234] [] [2020-05-25 19:58:12,539]  INFO {org.wso2.carbon.rule.kernel.internal.ds.RuleEngineConfigDS} - Successfully registered the Rule Config service
TID: [-1234] [] [2020-05-25 19:58:13,322]  INFO {org.wso2.carbon.mediation.initializer.ServiceBusInitializer} - Starting ESB...
TID: [-1234] [] [2020-05-25 19:58:13,368]  INFO {org.wso2.carbon.mediation.initializer.ServiceBusInitializer} - Initializing Apache Synapse...
TID: [-1234] [] [2020-05-25 19:58:13,375]  INFO {org.apache.synapse.SynapseControllerFactory} - Using Synapse home : C:\WSO2EI~1.0\.
TID: [-1234] [] [2020-05-25 19:58:13,375]  INFO {org.apache.synapse.SynapseControllerFactory} - Using synapse.xml location : C:\WSO2EI~1.0\.\.\repository\deployment\server\synapse-configs\default
TID: [-1234] [] [2020-05-25 19:58:13,375]  INFO {org.apache.synapse.SynapseControllerFactory} - Using server name : localhost
TID: [-1234] [] [2020-05-25 19:58:13,383]  INFO {org.apache.synapse.SynapseControllerFactory} - The timeout handler will run every : 15s
TID: [-1234] [] [2020-05-25 19:58:13,415]  INFO {org.apache.synapse.Axis2SynapseController} - Initializing Synapse at : Mon May 25 19:58:13 CDT 2020
TID: [-1234] [] [2020-05-25 19:58:13,415]  INFO {org.wso2.carbon.mediation.initializer.CarbonSynapseController} - Loading the mediation configuration from the file system
TID: [-1234] [] [2020-05-25 19:58:13,430]  INFO {org.apache.synapse.config.xml.MultiXMLConfigurationBuilder} - Building synapse configuration from the synapse artifact repository at : .\.\repository/deployment/server/synapse-configs\default
TID: [-1234] [] [2020-05-25 19:58:13,430]  INFO {org.apache.synapse.config.xml.XMLConfigurationBuilder} - Generating the Synapse configuration model by parsing the XML configuration
TID: [-1234] [] [2020-05-25 19:58:13,602]  INFO {org.wso2.carbon.mediation.dependency.mgt.DependencyTracker} - Sequence : fault was added to the Synapse configuration successfully
TID: [-1234] [] [2020-05-25 19:58:13,602]  INFO {org.wso2.carbon.mediation.dependency.mgt.DependencyTracker} - Sequence : main was added to the Synapse configuration successfully
TID: [-1234] [] [2020-05-25 19:58:13,602]  INFO {org.apache.synapse.config.SynapseConfigurationBuilder} - Loaded Synapse configuration from the artifact repository at : .\.\repository/deployment/server/synapse-configs\default
TID: [-1234] [] [2020-05-25 19:58:13,602]  INFO {org.wso2.carbon.mediation.dependency.mgt.DependencyTracker} - Local entry : SERVER_HOST was added to the Synapse configuration successfully
TID: [-1234] [] [2020-05-25 19:58:13,602]  INFO {org.wso2.carbon.mediation.dependency.mgt.DependencyTracker} - Local entry : SERVER_IP was added to the Synapse configuration successfully
TID: [-1234] [] [2020-05-25 19:58:13,696]  INFO {org.apache.synapse.Axis2SynapseController} - Loading mediator extensions...
TID: [-1234] [echo] [2020-05-25 19:58:13,743]  INFO {org.wso2.carbon.core.deployment.DeploymentInterceptor} - Deploying Axis2 service: echo {super-tenant}
TID: [-1234] [Version] [2020-05-25 19:58:13,789]  INFO {org.wso2.carbon.core.deployment.DeploymentInterceptor} - Deploying Axis2 service: Version {super-tenant}
TID: [-1234] [] [2020-05-25 19:58:13,789]  INFO {org.wso2.carbon.event.publisher.core.EventPublisherDeployer} - Event Publisher deployment held back and in inactive state :MessageFlowConfigurationPublisher.xml, Stream validation exception : Stream org.wso2.esb.analytics.stream.ConfigEntry:1.0.0 does not exist
TID: [-1234] [] [2020-05-25 19:58:13,789]  INFO {org.wso2.carbon.event.publisher.core.EventPublisherDeployer} - Event Publisher deployment held back and in inactive state :MessageFlowStatisticsPublisher.xml, Stream validation exception : Stream org.wso2.esb.analytics.stream.FlowEntry:1.0.0 does not exist
TID: [-1234] [] [2020-05-25 19:58:13,821]  INFO {org.wso2.carbon.event.publisher.core.EventPublisherDeployer} - Event Publisher undeployed successfully : MessageFlowConfigurationPublisher.xml
TID: [-1234] [] [2020-05-25 19:58:14,118]  INFO {org.wso2.carbon.event.stream.core.internal.EventJunction} - WSO2EventConsumer added to the junction. Stream:org.wso2.esb.analytics.stream.ConfigEntry:1.0.0
TID: [-1234] [] [2020-05-25 19:58:14,118]  INFO {org.wso2.carbon.event.publisher.core.EventPublisherDeployer} - Event Publisher configuration successfully deployed and in active state : MessageFlowConfigurationPublisher
TID: [-1234] [] [2020-05-25 19:58:14,118]  INFO {org.wso2.carbon.event.stream.core.EventStreamDeployer} - Stream definition is deployed successfully  : org.wso2.esb.analytics.stream.ConfigEntry:1.0.0
TID: [-1234] [] [2020-05-25 19:58:14,118]  INFO {org.wso2.carbon.event.publisher.core.EventPublisherDeployer} - Event Publisher undeployed successfully : MessageFlowStatisticsPublisher.xml
TID: [-1234] [] [2020-05-25 19:58:14,133]  INFO {org.wso2.carbon.event.stream.core.internal.EventJunction} - WSO2EventConsumer added to the junction. Stream:org.wso2.esb.analytics.stream.FlowEntry:1.0.0
TID: [-1234] [] [2020-05-25 19:58:14,133]  INFO {org.wso2.carbon.event.publisher.core.EventPublisherDeployer} - Event Publisher configuration successfully deployed and in active state : MessageFlowStatisticsPublisher
TID: [-1234] [] [2020-05-25 19:58:14,133]  INFO {org.wso2.carbon.event.stream.core.EventStreamDeployer} - Stream definition is deployed successfully  : org.wso2.esb.analytics.stream.FlowEntry:1.0.0
TID: [-1234] [odata] [2020-05-25 19:58:14,802]  INFO {org.wso2.carbon.webapp.mgt.TomcatGenericWebappsDeployer} - Deployed webapp: StandardEngine[Catalina].StandardHost[localhost].StandardContext[/odata].File[C:\WSO2EI~1.0\bin\..\repository\deployment\server\webapps\odata.war]
TID: [-1234] [] [2020-05-25 19:58:14,802]  INFO {org.apache.synapse.Axis2SynapseController} - Deploying the Synapse service...
TID: [-1234] [] [2020-05-25 19:58:14,802]  INFO {org.apache.synapse.Axis2SynapseController} - Deploying Proxy services...
TID: [-1234] [] [2020-05-25 19:58:14,802]  INFO {org.apache.synapse.Axis2SynapseController} - Deploying EventSources...
TID: [-1234] [] [2020-05-25 19:58:14,853]  INFO {org.apache.synapse.ServerManager} - Server ready for processing...
TID: [-1234] [] [2020-05-25 19:58:14,883]  INFO {org.wso2.carbon.das.messageflow.data.publisher.internal.MediationStatisticsComponent} - Global Message-Flow Statistic Reporting is Disabled
TID: [-1234] [] [2020-05-25 19:58:16,103]  INFO {org.apache.synapse.transport.vfs.VFSTransportListener} - VFS listener started
TID: [-1234] [] [2020-05-25 19:58:16,103]  INFO {org.apache.synapse.transport.passthru.PassThroughHttpListener} - Starting Pass-through HTTP Listener...
TID: [-1234] [] [2020-05-25 19:58:16,113]  INFO {org.apache.synapse.transport.passthru.core.PassThroughListeningIOReactorManager} - Pass-through HTTP Listener started on 0:0:0:0:0:0:0:0:8280
TID: [-1234] [] [2020-05-25 19:58:16,113]  INFO {org.apache.synapse.transport.passthru.PassThroughHttpSSLListener} - Starting Pass-through HTTPS Listener...
TID: [-1234] [] [2020-05-25 19:58:16,113]  INFO {org.apache.synapse.transport.passthru.core.PassThroughListeningIOReactorManager} - Pass-through HTTPS Listener started on 0:0:0:0:0:0:0:0:8243
TID: [-1234] [] [2020-05-25 19:58:16,344]  INFO {org.wso2.carbon.ntask.core.service.impl.TaskServiceImpl} - Task service starting in STANDALONE mode...
TID: [-1234] [] [2020-05-25 19:58:16,362]  INFO {org.wso2.carbon.mediation.ntask.NTaskTaskManager} - Initialized task manager. Tenant [-1234]
TID: [-1234] [] [2020-05-25 19:58:16,446]  INFO {org.wso2.carbon.core.init.JMXServerManager} - JMX Service URL  : service:jmx:rmi://localhost:11111/jndi/rmi://localhost:9999/jmxrmi
TID: [-1234] [] [2020-05-25 19:58:16,446]  INFO {org.wso2.carbon.core.internal.StartupFinalizerServiceComponent} - Server           :  WSO2 Enterprise Integrator-6.6.0
TID: [-1234] [] [2020-05-25 19:58:16,446]  INFO {org.wso2.carbon.core.internal.StartupFinalizerServiceComponent} - WSO2 Carbon started in 40 sec
TID: [-1234] [] [2020-05-25 19:58:17,238]  INFO {org.wso2.carbon.ui.internal.CarbonUIServiceComponent} - Mgt Console URL  : https://192.168.56.1:9443/carbon/
TID: [-1234] [] [2020-05-25 19:59:19,141]  INFO {org.wso2.carbon.core.services.util.CarbonAuthenticationUtil} - 'admin@carbon.super [-1234]' logged in at [2020-05-25 19:59:19,141-0500]
TID: [-1234] [] [2020-05-25 20:02:47,468] ERROR {org.wso2.carbon.ndatasource.core.DataSourceRepository} - Error loading Driver class:com.mysql.jdbc.Driver cannot be found by org.wso2.carbon.ndatasource.rdbms_4.5.3 org.wso2.carbon.ndatasource.common.DataSourceException: Error loading Driver class:com.mysql.jdbc.Driver cannot be found by org.wso2.carbon.ndatasource.rdbms_4.5.3
	at org.wso2.carbon.ndatasource.rdbms.RDBMSDataSourceReader.testDataSourceConnection(RDBMSDataSourceReader.java:86)
	at org.wso2.carbon.ndatasource.core.DataSourceRepository.testDataSourceConnection(DataSourceRepository.java:513)
	at org.wso2.carbon.ndatasource.core.services.NDataSourceAdminService.testDataSourceConnection(NDataSourceAdminService.java:90)
	at sun.reflect.NativeMethodAccessorImpl.invoke0(Native Method)
	at sun.reflect.NativeMethodAccessorImpl.invoke(NativeMethodAccessorImpl.java:62)
	at sun.reflect.DelegatingMethodAccessorImpl.invoke(DelegatingMethodAccessorImpl.java:43)
	at java.lang.reflect.Method.invoke(Method.java:498)
	at org.apache.axis2.rpc.receivers.RPCUtil.invokeServiceClass(RPCUtil.java:212)
	at org.apache.axis2.rpc.receivers.RPCMessageReceiver.invokeBusinessLogic(RPCMessageReceiver.java:117)
	at org.apache.axis2.receivers.AbstractInOutMessageReceiver.invokeBusinessLogic(AbstractInOutMessageReceiver.java:40)
	at org.apache.axis2.receivers.AbstractMessageReceiver.receive(AbstractMessageReceiver.java:110)
	at org.apache.axis2.engine.AxisEngine.receive(AxisEngine.java:180)
	at org.apache.axis2.transport.local.LocalTransportReceiver.processMessage(LocalTransportReceiver.java:170)
	at org.apache.axis2.transport.local.LocalTransportReceiver.processMessage(LocalTransportReceiver.java:82)
	at org.wso2.carbon.core.transports.local.CarbonLocalTransportSender.finalizeSendWithToAddress(CarbonLocalTransportSender.java:45)
	at org.apache.axis2.transport.local.LocalTransportSender.invoke(LocalTransportSender.java:77)
	at org.apache.axis2.engine.AxisEngine.send(AxisEngine.java:442)
	at org.apache.axis2.description.OutInAxisOperationClient.send(OutInAxisOperation.java:442)
	at org.apache.axis2.description.OutInAxisOperationClient.executeImpl(OutInAxisOperation.java:228)
	at org.apache.axis2.client.OperationClient.execute(OperationClient.java:149)
	at org.wso2.carbon.ndatasource.ui.stub.NDataSourceAdminStub.testDataSourceConnection(NDataSourceAdminStub.java:2520)
	at org.wso2.carbon.ndatasource.ui.NDataSourceAdminServiceClient.testDataSourceConnection(NDataSourceAdminServiceClient.java:88)
	at org.apache.jsp.ndatasource.validateconnection_002dajaxprocessor_jsp._jspService(validateconnection_002dajaxprocessor_jsp.java:139)
	at org.apache.jasper.runtime.HttpJspBase.service(HttpJspBase.java:70)
	at javax.servlet.http.HttpServlet.service(HttpServlet.java:741)
	at org.apache.jasper.servlet.JspServletWrapper.service(JspServletWrapper.java:476)
	at org.apache.jasper.servlet.JspServlet.serviceJspFile(JspServlet.java:385)
	at org.apache.jasper.servlet.JspServlet.service(JspServlet.java:329)
	at javax.servlet.http.HttpServlet.service(HttpServlet.java:741)
	at org.wso2.carbon.ui.JspServlet.service(JspServlet.java:207)
	at org.wso2.carbon.ui.TilesJspServlet.service(TilesJspServlet.java:80)
	at javax.servlet.http.HttpServlet.service(HttpServlet.java:741)
	at org.eclipse.equinox.http.helper.ContextPathServletAdaptor.service(ContextPathServletAdaptor.java:37)
	at org.eclipse.equinox.http.servlet.internal.ServletRegistration.service(ServletRegistration.java:61)
	at org.eclipse.equinox.http.servlet.internal.ProxyServlet.processAlias(ProxyServlet.java:128)
	at org.eclipse.equinox.http.servlet.internal.ProxyServlet.service(ProxyServlet.java:68)
	at javax.servlet.http.HttpServlet.service(HttpServlet.java:741)
	at org.wso2.carbon.tomcat.ext.servlet.DelegationServlet.service(DelegationServlet.java:68)
	at org.apache.catalina.core.ApplicationFilterChain.internalDoFilter(ApplicationFilterChain.java:231)
	at org.apache.catalina.core.ApplicationFilterChain.doFilter(ApplicationFilterChain.java:166)
	at org.apache.tomcat.websocket.server.WsFilter.doFilter(WsFilter.java:53)
	at org.apache.catalina.core.ApplicationFilterChain.internalDoFilter(ApplicationFilterChain.java:193)
	at org.apache.catalina.core.ApplicationFilterChain.doFilter(ApplicationFilterChain.java:166)
	at org.wso2.carbon.ui.filters.cache.URLBasedCachePreventionFilter.doFilter(URLBasedCachePreventionFilter.java:57)
	at org.apache.catalina.core.ApplicationFilterChain.internalDoFilter(ApplicationFilterChain.java:193)
	at org.apache.catalina.core.ApplicationFilterChain.doFilter(ApplicationFilterChain.java:166)
	at org.owasp.csrfguard.CsrfGuardFilter.doFilter(CsrfGuardFilter.java:88)
	at org.apache.catalina.core.ApplicationFilterChain.internalDoFilter(ApplicationFilterChain.java:193)
	at org.apache.catalina.core.ApplicationFilterChain.doFilter(ApplicationFilterChain.java:166)
	at org.wso2.carbon.ui.filters.CSRFPreventionFilter.doFilter(CSRFPreventionFilter.java:88)
	at org.apache.catalina.core.ApplicationFilterChain.internalDoFilter(ApplicationFilterChain.java:193)
	at org.apache.catalina.core.ApplicationFilterChain.doFilter(ApplicationFilterChain.java:166)
	at org.wso2.carbon.ui.filters.CRLFPreventionFilter.doFilter(CRLFPreventionFilter.java:61)
	at org.apache.catalina.core.ApplicationFilterChain.internalDoFilter(ApplicationFilterChain.java:193)
	at org.apache.catalina.core.ApplicationFilterChain.doFilter(ApplicationFilterChain.java:166)
	at org.wso2.carbon.tomcat.ext.filter.CharacterSetFilter.doFilter(CharacterSetFilter.java:65)
	at org.apache.catalina.core.ApplicationFilterChain.internalDoFilter(ApplicationFilterChain.java:193)
	at org.apache.catalina.core.ApplicationFilterChain.doFilter(ApplicationFilterChain.java:166)
	at org.apache.catalina.filters.HttpHeaderSecurityFilter.doFilter(HttpHeaderSecurityFilter.java:126)
	at org.apache.catalina.core.ApplicationFilterChain.internalDoFilter(ApplicationFilterChain.java:193)
	at org.apache.catalina.core.ApplicationFilterChain.doFilter(ApplicationFilterChain.java:166)
	at org.apache.catalina.core.StandardWrapperValve.invoke(StandardWrapperValve.java:202)
	at org.apache.catalina.core.StandardContextValve.invoke(StandardContextValve.java:96)
	at org.apache.catalina.authenticator.AuthenticatorBase.invoke(AuthenticatorBase.java:490)
	at org.apache.catalina.core.StandardHostValve.invoke(StandardHostValve.java:139)
	at org.apache.catalina.valves.ErrorReportValve.invoke(ErrorReportValve.java:92)
	at org.wso2.carbon.tomcat.ext.valves.CompositeValve.continueInvocation(CompositeValve.java:99)
	at org.wso2.carbon.tomcat.ext.valves.TomcatValveContainer.invokeValves(TomcatValveContainer.java:49)
	at org.wso2.carbon.tomcat.ext.valves.CompositeValve.invoke(CompositeValve.java:62)
	at org.wso2.carbon.tomcat.ext.valves.CarbonStuckThreadDetectionValve.invoke(CarbonStuckThreadDetectionValve.java:146)
	at org.apache.catalina.valves.AbstractAccessLogValve.invoke(AbstractAccessLogValve.java:678)
	at org.wso2.carbon.tomcat.ext.valves.CarbonContextCreatorValve.invoke(CarbonContextCreatorValve.java:57)
	at org.apache.catalina.core.StandardEngineValve.invoke(StandardEngineValve.java:74)
	at org.apache.catalina.connector.CoyoteAdapter.service(CoyoteAdapter.java:343)
	at org.apache.coyote.http11.Http11Processor.service(Http11Processor.java:408)
	at org.apache.coyote.AbstractProcessorLight.process(AbstractProcessorLight.java:66)
	at org.apache.coyote.AbstractProtocol$ConnectionHandler.process(AbstractProtocol.java:853)
	at org.apache.tomcat.util.net.NioEndpoint$SocketProcessor.doRun(NioEndpoint.java:1587)
	at org.apache.tomcat.util.net.SocketProcessorBase.run(SocketProcessorBase.java:49)
	at java.util.concurrent.ThreadPoolExecutor.runWorker(ThreadPoolExecutor.java:1149)
	at java.util.concurrent.ThreadPoolExecutor$Worker.run(ThreadPoolExecutor.java:624)
	at org.apache.tomcat.util.threads.TaskThread$WrappingRunnable.run(TaskThread.java:61)
	at java.lang.Thread.run(Thread.java:748)
Caused by: java.lang.ClassNotFoundException: com.mysql.jdbc.Driver cannot be found by org.wso2.carbon.ndatasource.rdbms_4.5.3
	at org.eclipse.osgi.internal.loader.BundleLoader.findClassInternal(BundleLoader.java:512)
	at org.eclipse.osgi.internal.loader.BundleLoader.findClass(BundleLoader.java:423)
	at org.eclipse.osgi.internal.loader.BundleLoader.findClass(BundleLoader.java:415)
	at org.eclipse.osgi.internal.loader.ModuleClassLoader.loadClass(ModuleClassLoader.java:155)
	at java.lang.ClassLoader.loadClass(ClassLoader.java:351)
	at java.lang.Class.forName0(Native Method)
	at java.lang.Class.forName(Class.java:264)
	at org.wso2.carbon.ndatasource.rdbms.RDBMSDataSourceReader.testDataSourceConnection(RDBMSDataSourceReader.java:77)
	... 82 more

TID: [-1234] [] [2020-05-25 20:09:29,425]  INFO {org.wso2.carbon.core.internal.CarbonCoreActivator} - Starting WSO2 Carbon...
TID: [-1234] [] [2020-05-25 20:09:29,425]  INFO {org.wso2.carbon.core.internal.CarbonCoreActivator} - Operating System : Windows 10 10.0, amd64
TID: [-1234] [] [2020-05-25 20:09:29,425]  INFO {org.wso2.carbon.core.internal.CarbonCoreActivator} - Java Home        : C:\Program Files\Java\jdk1.8.0_241\jre
TID: [-1234] [] [2020-05-25 20:09:29,425]  INFO {org.wso2.carbon.core.internal.CarbonCoreActivator} - Java Version     : 1.8.0_241
TID: [-1234] [] [2020-05-25 20:09:29,425]  INFO {org.wso2.carbon.core.internal.CarbonCoreActivator} - Java VM          : Java HotSpot(TM) 64-Bit Server VM 25.241-b07,Oracle Corporation
TID: [-1234] [] [2020-05-25 20:09:29,425]  INFO {org.wso2.carbon.core.internal.CarbonCoreActivator} - Carbon Home      : C:\WSO2EI~1.0\bin\..
TID: [-1234] [] [2020-05-25 20:09:29,425]  INFO {org.wso2.carbon.core.internal.CarbonCoreActivator} - Java Temp Dir    : C:\WSO2EI~1.0\bin\..\wso2\tmp
TID: [-1234] [] [2020-05-25 20:09:29,425]  INFO {org.wso2.carbon.core.internal.CarbonCoreActivator} - User             : DELL, es-MX, America/Mexico_City
TID: [-1] [] [2020-05-25 20:09:29,539]  INFO {org.wso2.carbon.crypto.provider.internal.DefaultCryptoProviderComponent} - 'CryptoService.Secret' property has not been set. 'org.wso2.carbon.crypto.provider.SymmetricKeyInternalCryptoProvider' won't be registered as an internal crypto provider. Please set the secret if the provider needs to be registered.
TID: [-1] [] [2020-05-25 20:09:29,539]  INFO {org.wso2.carbon.dataservices.google.tokengen.servlet.internal.GoogleTokenGenDSComponent} - Activating GoogleTokengen DS component
TID: [-1] [] [2020-05-25 20:09:29,680]  INFO {org.wso2.carbon.event.output.adapter.kafka.internal.ds.KafkaEventAdapterServiceDS} - Successfully deployed the Kafka output event adaptor service
TID: [-1234] [] [2020-05-25 20:09:33,421]  INFO {org.wso2.carbon.registry.core.jdbc.EmbeddedRegistryService} - Configured Registry in 52ms
TID: [-1234] [] [2020-05-25 20:09:33,463]  INFO {org.wso2.carbon.registry.core.internal.RegistryCoreServiceComponent} - Registry Mode    : READ-WRITE
TID: [-1234] [] [2020-05-25 20:09:44,095]  INFO {org.wso2.carbon.registry.indexing.solr.SolrClient} - Default Embedded Solr Server Initialized
TID: [-1234] [] [2020-05-25 20:09:44,388]  INFO {org.wso2.carbon.user.core.internal.UserStoreMgtDSComponent} - Carbon UserStoreMgtDSComponent activated successfully.
TID: [-1234] [] [2020-05-25 20:09:45,797]  WARN {org.wso2.carbon.core.deployment.DeploymentInterceptor} - A valid Version not found for the module : 'wso2statistics' {super-tenant}
TID: [-1234] [] [2020-05-25 20:09:45,807]  INFO {org.wso2.carbon.identity.user.store.configuration.deployer.UserStoreConfigurationDeployer} - User Store Configuration Deployer initiated.
TID: [-1234] [] [2020-05-25 20:09:45,807]  INFO {org.wso2.carbon.identity.user.store.configuration.deployer.UserStoreConfigurationDeployer} - User Store Configuration Deployer initiated.
TID: [-1234] [] [2020-05-25 20:09:46,321]  INFO {org.apache.synapse.transport.vfs.VFSTransportSender} - VFS Sender started
TID: [-1234] [] [2020-05-25 20:09:46,357]  INFO {org.apache.synapse.transport.passthru.PassThroughHttpSender} - Initializing Pass-through HTTP/S Sender...
TID: [-1234] [] [2020-05-25 20:09:46,399]  INFO {org.apache.synapse.transport.passthru.PassThroughHttpSender} - Pass-through HTTP Sender started...
TID: [-1234] [] [2020-05-25 20:09:46,399]  INFO {org.apache.synapse.transport.passthru.PassThroughHttpSSLSender} - Initializing Pass-through HTTP/S Sender...
TID: [-1234] [] [2020-05-25 20:09:46,415]  INFO {org.apache.synapse.transport.passthru.PassThroughHttpSSLSender} - Pass-through HTTPS Sender started...
TID: [-1234] [] [2020-05-25 20:09:46,430]  INFO {org.apache.synapse.transport.passthru.PassThroughHttpListener} - Initializing Pass-through HTTP/S Listener...
TID: [-1234] [] [2020-05-25 20:09:46,446]  INFO {org.apache.synapse.transport.passthru.PassThroughHttpSSLListener} - Initializing Pass-through HTTP/S Listener...
TID: [-1234] [] [2020-05-25 20:09:49,220] ERROR {org.wso2.carbon.utils.deployment.Axis2ServiceRegistry} - Error building service from bundle : Symbolic Name: org.wso2.carbon.mediation.configadmin,Bundle Version: 4.7.30, ID: 322 java.lang.ClassCastException: org.apache.axis2.rpc.receivers.RPCInOnlyMessageReceiver cannot be cast to org.apache.axis2.engine.MessageReceiver
	at org.apache.axis2.deployment.DescriptionBuilder.loadMessageReceiver(DescriptionBuilder.java:193)
	at org.apache.axis2.deployment.DescriptionBuilder.processMessageReceivers(DescriptionBuilder.java:172)
	at org.apache.axis2.deployment.ServiceBuilder.populateService(ServiceBuilder.java:281)
	at org.apache.axis2.deployment.ServiceGroupBuilder.populateServiceGroup(ServiceGroupBuilder.java:101)
	at org.wso2.carbon.utils.deployment.Axis2ServiceRegistry.addServices(Axis2ServiceRegistry.java:226)
	at org.wso2.carbon.utils.deployment.Axis2ServiceRegistry.register(Axis2ServiceRegistry.java:107)
	at org.wso2.carbon.utils.deployment.Axis2ServiceRegistry.register(Axis2ServiceRegistry.java:94)
	at org.wso2.carbon.core.init.CarbonServerManager.initializeCarbon(CarbonServerManager.java:485)
	at org.wso2.carbon.core.init.CarbonServerManager.removePendingItem(CarbonServerManager.java:305)
	at org.wso2.carbon.core.init.PreAxis2ConfigItemListener.bundleChanged(PreAxis2ConfigItemListener.java:118)
	at org.eclipse.osgi.internal.framework.BundleContextImpl.dispatchEvent(BundleContextImpl.java:973)
	at org.eclipse.osgi.framework.eventmgr.EventManager.dispatchEvent(EventManager.java:234)
	at org.eclipse.osgi.framework.eventmgr.EventManager$EventThread.run(EventManager.java:345)

TID: [-1234] [wso2carbon-sts] [2020-05-25 20:09:51,992]  INFO {org.wso2.carbon.core.deployment.DeploymentInterceptor} - Deploying Axis2 service: wso2carbon-sts {super-tenant}
TID: [-1234] [] [2020-05-25 20:09:52,508]  INFO {org.wso2.carbon.core.init.CarbonServerManager} - Repository       : C:\WSO2EI~1.0\bin\../repository/deployment/server/
TID: [-1234] [] [2020-05-25 20:09:52,571]  INFO {org.wso2.carbon.core.multitenancy.eager.TenantLoadingConfig} - Using tenant lazy loading policy...
TID: [-1234] [] [2020-05-25 20:09:52,586]  INFO {org.wso2.carbon.core.internal.permission.update.PermissionUpdater} - Permission cache updated for tenant -1234
TID: [-1234] [] [2020-05-25 20:09:52,696]  INFO {org.wso2.carbon.rule.kernel.internal.ds.RuleEngineConfigDS} - Successfully registered the Rule Config service
TID: [-1234] [] [2020-05-25 20:09:53,414]  INFO {org.wso2.carbon.mediation.initializer.ServiceBusInitializer} - Starting ESB...
TID: [-1234] [] [2020-05-25 20:09:53,436]  INFO {org.wso2.carbon.mediation.initializer.ServiceBusInitializer} - Initializing Apache Synapse...
TID: [-1234] [] [2020-05-25 20:09:53,436]  INFO {org.apache.synapse.SynapseControllerFactory} - Using Synapse home : C:\WSO2EI~1.0\.
TID: [-1234] [] [2020-05-25 20:09:53,446]  INFO {org.apache.synapse.SynapseControllerFactory} - Using synapse.xml location : C:\WSO2EI~1.0\.\.\repository\deployment\server\synapse-configs\default
TID: [-1234] [] [2020-05-25 20:09:53,446]  INFO {org.apache.synapse.SynapseControllerFactory} - Using server name : localhost
TID: [-1234] [] [2020-05-25 20:09:53,446]  INFO {org.apache.synapse.SynapseControllerFactory} - The timeout handler will run every : 15s
TID: [-1234] [] [2020-05-25 20:09:53,477]  INFO {org.apache.synapse.Axis2SynapseController} - Initializing Synapse at : Mon May 25 20:09:53 CDT 2020
TID: [-1234] [] [2020-05-25 20:09:53,492]  INFO {org.wso2.carbon.mediation.initializer.CarbonSynapseController} - Loading the mediation configuration from the file system
TID: [-1234] [] [2020-05-25 20:09:53,492]  INFO {org.apache.synapse.config.xml.MultiXMLConfigurationBuilder} - Building synapse configuration from the synapse artifact repository at : .\.\repository/deployment/server/synapse-configs\default
TID: [-1234] [] [2020-05-25 20:09:53,492]  INFO {org.apache.synapse.config.xml.XMLConfigurationBuilder} - Generating the Synapse configuration model by parsing the XML configuration
TID: [-1234] [] [2020-05-25 20:09:53,652]  INFO {org.wso2.carbon.mediation.dependency.mgt.DependencyTracker} - Sequence : fault was added to the Synapse configuration successfully
TID: [-1234] [] [2020-05-25 20:09:53,665]  INFO {org.wso2.carbon.mediation.dependency.mgt.DependencyTracker} - Sequence : main was added to the Synapse configuration successfully
TID: [-1234] [] [2020-05-25 20:09:53,665]  INFO {org.apache.synapse.config.SynapseConfigurationBuilder} - Loaded Synapse configuration from the artifact repository at : .\.\repository/deployment/server/synapse-configs\default
TID: [-1234] [] [2020-05-25 20:09:53,665]  INFO {org.wso2.carbon.mediation.dependency.mgt.DependencyTracker} - Local entry : SERVER_HOST was added to the Synapse configuration successfully
TID: [-1234] [] [2020-05-25 20:09:53,665]  INFO {org.wso2.carbon.mediation.dependency.mgt.DependencyTracker} - Local entry : SERVER_IP was added to the Synapse configuration successfully
TID: [-1234] [] [2020-05-25 20:09:53,752]  INFO {org.apache.synapse.Axis2SynapseController} - Loading mediator extensions...
TID: [-1234] [echo] [2020-05-25 20:09:53,774]  INFO {org.wso2.carbon.core.deployment.DeploymentInterceptor} - Deploying Axis2 service: echo {super-tenant}
TID: [-1234] [Version] [2020-05-25 20:09:53,821]  INFO {org.wso2.carbon.core.deployment.DeploymentInterceptor} - Deploying Axis2 service: Version {super-tenant}
TID: [-1234] [] [2020-05-25 20:09:53,821]  INFO {org.wso2.carbon.event.publisher.core.EventPublisherDeployer} - Event Publisher deployment held back and in inactive state :MessageFlowConfigurationPublisher.xml, Stream validation exception : Stream org.wso2.esb.analytics.stream.ConfigEntry:1.0.0 does not exist
TID: [-1234] [] [2020-05-25 20:09:53,821]  INFO {org.wso2.carbon.event.publisher.core.EventPublisherDeployer} - Event Publisher deployment held back and in inactive state :MessageFlowStatisticsPublisher.xml, Stream validation exception : Stream org.wso2.esb.analytics.stream.FlowEntry:1.0.0 does not exist
TID: [-1234] [] [2020-05-25 20:09:53,852]  INFO {org.wso2.carbon.event.publisher.core.EventPublisherDeployer} - Event Publisher undeployed successfully : MessageFlowConfigurationPublisher.xml
TID: [-1234] [] [2020-05-25 20:09:54,118]  INFO {org.wso2.carbon.event.stream.core.internal.EventJunction} - WSO2EventConsumer added to the junction. Stream:org.wso2.esb.analytics.stream.ConfigEntry:1.0.0
TID: [-1234] [] [2020-05-25 20:09:54,133]  INFO {org.wso2.carbon.event.publisher.core.EventPublisherDeployer} - Event Publisher configuration successfully deployed and in active state : MessageFlowConfigurationPublisher
TID: [-1234] [] [2020-05-25 20:09:54,137]  INFO {org.wso2.carbon.event.stream.core.EventStreamDeployer} - Stream definition is deployed successfully  : org.wso2.esb.analytics.stream.ConfigEntry:1.0.0
TID: [-1234] [] [2020-05-25 20:09:54,137]  INFO {org.wso2.carbon.event.publisher.core.EventPublisherDeployer} - Event Publisher undeployed successfully : MessageFlowStatisticsPublisher.xml
TID: [-1234] [] [2020-05-25 20:09:54,137]  INFO {org.wso2.carbon.event.stream.core.internal.EventJunction} - WSO2EventConsumer added to the junction. Stream:org.wso2.esb.analytics.stream.FlowEntry:1.0.0
TID: [-1234] [] [2020-05-25 20:09:54,137]  INFO {org.wso2.carbon.event.publisher.core.EventPublisherDeployer} - Event Publisher configuration successfully deployed and in active state : MessageFlowStatisticsPublisher
TID: [-1234] [] [2020-05-25 20:09:54,137]  INFO {org.wso2.carbon.event.stream.core.EventStreamDeployer} - Stream definition is deployed successfully  : org.wso2.esb.analytics.stream.FlowEntry:1.0.0
TID: [-1234] [odata] [2020-05-25 20:09:54,839]  INFO {org.wso2.carbon.webapp.mgt.TomcatGenericWebappsDeployer} - Deployed webapp: StandardEngine[Catalina].StandardHost[localhost].StandardContext[/odata].File[C:\WSO2EI~1.0\bin\..\repository\deployment\server\webapps\odata.war]
TID: [-1234] [] [2020-05-25 20:09:54,841]  INFO {org.apache.synapse.Axis2SynapseController} - Deploying the Synapse service...
TID: [-1234] [] [2020-05-25 20:09:54,841]  INFO {org.apache.synapse.Axis2SynapseController} - Deploying Proxy services...
TID: [-1234] [] [2020-05-25 20:09:54,841]  INFO {org.apache.synapse.Axis2SynapseController} - Deploying EventSources...
TID: [-1234] [] [2020-05-25 20:09:54,892]  INFO {org.apache.synapse.ServerManager} - Server ready for processing...
TID: [-1234] [] [2020-05-25 20:09:54,922]  INFO {org.wso2.carbon.das.messageflow.data.publisher.internal.MediationStatisticsComponent} - Global Message-Flow Statistic Reporting is Disabled
TID: [-1234] [] [2020-05-25 20:09:56,186]  INFO {org.apache.synapse.transport.vfs.VFSTransportListener} - VFS listener started
TID: [-1234] [] [2020-05-25 20:09:56,186]  INFO {org.apache.synapse.transport.passthru.PassThroughHttpListener} - Starting Pass-through HTTP Listener...
TID: [-1234] [] [2020-05-25 20:09:56,196]  INFO {org.apache.synapse.transport.passthru.core.PassThroughListeningIOReactorManager} - Pass-through HTTP Listener started on 0:0:0:0:0:0:0:0:8280
TID: [-1234] [] [2020-05-25 20:09:56,196]  INFO {org.apache.synapse.transport.passthru.PassThroughHttpSSLListener} - Starting Pass-through HTTPS Listener...
TID: [-1234] [] [2020-05-25 20:09:56,204]  INFO {org.apache.synapse.transport.passthru.core.PassThroughListeningIOReactorManager} - Pass-through HTTPS Listener started on 0:0:0:0:0:0:0:0:8243
TID: [-1234] [] [2020-05-25 20:09:56,458]  INFO {org.wso2.carbon.ntask.core.service.impl.TaskServiceImpl} - Task service starting in STANDALONE mode...
TID: [-1234] [] [2020-05-25 20:09:56,478]  INFO {org.wso2.carbon.mediation.ntask.NTaskTaskManager} - Initialized task manager. Tenant [-1234]
TID: [-1234] [] [2020-05-25 20:09:56,549]  INFO {org.wso2.carbon.core.init.JMXServerManager} - JMX Service URL  : service:jmx:rmi://localhost:11111/jndi/rmi://localhost:9999/jmxrmi
TID: [-1234] [] [2020-05-25 20:09:56,549]  INFO {org.wso2.carbon.core.internal.StartupFinalizerServiceComponent} - Server           :  WSO2 Enterprise Integrator-6.6.0
TID: [-1234] [] [2020-05-25 20:09:56,557]  INFO {org.wso2.carbon.core.internal.StartupFinalizerServiceComponent} - WSO2 Carbon started in 39 sec
TID: [-1234] [] [2020-05-25 20:09:57,265]  INFO {org.wso2.carbon.ui.internal.CarbonUIServiceComponent} - Mgt Console URL  : https://192.168.56.1:9443/carbon/
TID: [-1234] [] [2020-05-25 20:10:19,377]  INFO {org.wso2.carbon.core.services.util.CarbonAuthenticationUtil} - 'admin@carbon.super [-1234]' logged in at [2020-05-25 20:10:19,377-0500]
TID: [-1234] [] [2020-05-25 20:12:18,807] ERROR {org.wso2.carbon.ndatasource.ui.NDataSourceHelper} - Please Specify Name for JNDI configuration 
TID: [-1234] [] [2020-05-25 20:12:34,836] ERROR {org.wso2.carbon.ndatasource.core.DataSourceRepository} - The user is not associated with a trusted SQL Server connection.Access denied for user 'root'@'DESKTOP-BVHB0R3' (using password: YES) org.wso2.carbon.ndatasource.common.DataSourceException: The user is not associated with a trusted SQL Server connection.Access denied for user 'root'@'DESKTOP-BVHB0R3' (using password: YES)
	at org.wso2.carbon.ndatasource.rdbms.RDBMSDataSourceReader.testDataSourceConnection(RDBMSDataSourceReader.java:93)
	at org.wso2.carbon.ndatasource.core.DataSourceRepository.testDataSourceConnection(DataSourceRepository.java:513)
	at org.wso2.carbon.ndatasource.core.services.NDataSourceAdminService.testDataSourceConnection(NDataSourceAdminService.java:90)
	at sun.reflect.NativeMethodAccessorImpl.invoke0(Native Method)
	at sun.reflect.NativeMethodAccessorImpl.invoke(NativeMethodAccessorImpl.java:62)
	at sun.reflect.DelegatingMethodAccessorImpl.invoke(DelegatingMethodAccessorImpl.java:43)
	at java.lang.reflect.Method.invoke(Method.java:498)
	at org.apache.axis2.rpc.receivers.RPCUtil.invokeServiceClass(RPCUtil.java:212)
	at org.apache.axis2.rpc.receivers.RPCMessageReceiver.invokeBusinessLogic(RPCMessageReceiver.java:117)
	at org.apache.axis2.receivers.AbstractInOutMessageReceiver.invokeBusinessLogic(AbstractInOutMessageReceiver.java:40)
	at org.apache.axis2.receivers.AbstractMessageReceiver.receive(AbstractMessageReceiver.java:110)
	at org.apache.axis2.engine.AxisEngine.receive(AxisEngine.java:180)
	at org.apache.axis2.transport.local.LocalTransportReceiver.processMessage(LocalTransportReceiver.java:170)
	at org.apache.axis2.transport.local.LocalTransportReceiver.processMessage(LocalTransportReceiver.java:82)
	at org.wso2.carbon.core.transports.local.CarbonLocalTransportSender.finalizeSendWithToAddress(CarbonLocalTransportSender.java:45)
	at org.apache.axis2.transport.local.LocalTransportSender.invoke(LocalTransportSender.java:77)
	at org.apache.axis2.engine.AxisEngine.send(AxisEngine.java:442)
	at org.apache.axis2.description.OutInAxisOperationClient.send(OutInAxisOperation.java:442)
	at org.apache.axis2.description.OutInAxisOperationClient.executeImpl(OutInAxisOperation.java:228)
	at org.apache.axis2.client.OperationClient.execute(OperationClient.java:149)
	at org.wso2.carbon.ndatasource.ui.stub.NDataSourceAdminStub.testDataSourceConnection(NDataSourceAdminStub.java:2520)
	at org.wso2.carbon.ndatasource.ui.NDataSourceAdminServiceClient.testDataSourceConnection(NDataSourceAdminServiceClient.java:88)
	at org.apache.jsp.ndatasource.validateconnection_002dajaxprocessor_jsp._jspService(validateconnection_002dajaxprocessor_jsp.java:139)
	at org.apache.jasper.runtime.HttpJspBase.service(HttpJspBase.java:70)
	at javax.servlet.http.HttpServlet.service(HttpServlet.java:741)
	at org.apache.jasper.servlet.JspServletWrapper.service(JspServletWrapper.java:476)
	at org.apache.jasper.servlet.JspServlet.serviceJspFile(JspServlet.java:385)
	at org.apache.jasper.servlet.JspServlet.service(JspServlet.java:329)
	at javax.servlet.http.HttpServlet.service(HttpServlet.java:741)
	at org.wso2.carbon.ui.JspServlet.service(JspServlet.java:207)
	at org.wso2.carbon.ui.TilesJspServlet.service(TilesJspServlet.java:80)
	at javax.servlet.http.HttpServlet.service(HttpServlet.java:741)
	at org.eclipse.equinox.http.helper.ContextPathServletAdaptor.service(ContextPathServletAdaptor.java:37)
	at org.eclipse.equinox.http.servlet.internal.ServletRegistration.service(ServletRegistration.java:61)
	at org.eclipse.equinox.http.servlet.internal.ProxyServlet.processAlias(ProxyServlet.java:128)
	at org.eclipse.equinox.http.servlet.internal.ProxyServlet.service(ProxyServlet.java:68)
	at javax.servlet.http.HttpServlet.service(HttpServlet.java:741)
	at org.wso2.carbon.tomcat.ext.servlet.DelegationServlet.service(DelegationServlet.java:68)
	at org.apache.catalina.core.ApplicationFilterChain.internalDoFilter(ApplicationFilterChain.java:231)
	at org.apache.catalina.core.ApplicationFilterChain.doFilter(ApplicationFilterChain.java:166)
	at org.apache.tomcat.websocket.server.WsFilter.doFilter(WsFilter.java:53)
	at org.apache.catalina.core.ApplicationFilterChain.internalDoFilter(ApplicationFilterChain.java:193)
	at org.apache.catalina.core.ApplicationFilterChain.doFilter(ApplicationFilterChain.java:166)
	at org.wso2.carbon.ui.filters.cache.URLBasedCachePreventionFilter.doFilter(URLBasedCachePreventionFilter.java:57)
	at org.apache.catalina.core.ApplicationFilterChain.internalDoFilter(ApplicationFilterChain.java:193)
	at org.apache.catalina.core.ApplicationFilterChain.doFilter(ApplicationFilterChain.java:166)
	at org.owasp.csrfguard.CsrfGuardFilter.doFilter(CsrfGuardFilter.java:88)
	at org.apache.catalina.core.ApplicationFilterChain.internalDoFilter(ApplicationFilterChain.java:193)
	at org.apache.catalina.core.ApplicationFilterChain.doFilter(ApplicationFilterChain.java:166)
	at org.wso2.carbon.ui.filters.CSRFPreventionFilter.doFilter(CSRFPreventionFilter.java:88)
	at org.apache.catalina.core.ApplicationFilterChain.internalDoFilter(ApplicationFilterChain.java:193)
	at org.apache.catalina.core.ApplicationFilterChain.doFilter(ApplicationFilterChain.java:166)
	at org.wso2.carbon.ui.filters.CRLFPreventionFilter.doFilter(CRLFPreventionFilter.java:61)
	at org.apache.catalina.core.ApplicationFilterChain.internalDoFilter(ApplicationFilterChain.java:193)
	at org.apache.catalina.core.ApplicationFilterChain.doFilter(ApplicationFilterChain.java:166)
	at org.wso2.carbon.tomcat.ext.filter.CharacterSetFilter.doFilter(CharacterSetFilter.java:65)
	at org.apache.catalina.core.ApplicationFilterChain.internalDoFilter(ApplicationFilterChain.java:193)
	at org.apache.catalina.core.ApplicationFilterChain.doFilter(ApplicationFilterChain.java:166)
	at org.apache.catalina.filters.HttpHeaderSecurityFilter.doFilter(HttpHeaderSecurityFilter.java:126)
	at org.apache.catalina.core.ApplicationFilterChain.internalDoFilter(ApplicationFilterChain.java:193)
	at org.apache.catalina.core.ApplicationFilterChain.doFilter(ApplicationFilterChain.java:166)
	at org.apache.catalina.core.StandardWrapperValve.invoke(StandardWrapperValve.java:202)
	at org.apache.catalina.core.StandardContextValve.invoke(StandardContextValve.java:96)
	at org.apache.catalina.authenticator.AuthenticatorBase.invoke(AuthenticatorBase.java:490)
	at org.apache.catalina.core.StandardHostValve.invoke(StandardHostValve.java:139)
	at org.apache.catalina.valves.ErrorReportValve.invoke(ErrorReportValve.java:92)
	at org.wso2.carbon.tomcat.ext.valves.CompositeValve.continueInvocation(CompositeValve.java:99)
	at org.wso2.carbon.tomcat.ext.valves.TomcatValveContainer.invokeValves(TomcatValveContainer.java:49)
	at org.wso2.carbon.tomcat.ext.valves.CompositeValve.invoke(CompositeValve.java:62)
	at org.wso2.carbon.tomcat.ext.valves.CarbonStuckThreadDetectionValve.invoke(CarbonStuckThreadDetectionValve.java:146)
	at org.apache.catalina.valves.AbstractAccessLogValve.invoke(AbstractAccessLogValve.java:678)
	at org.wso2.carbon.tomcat.ext.valves.CarbonContextCreatorValve.invoke(CarbonContextCreatorValve.java:57)
	at org.apache.catalina.core.StandardEngineValve.invoke(StandardEngineValve.java:74)
	at org.apache.catalina.connector.CoyoteAdapter.service(CoyoteAdapter.java:343)
	at org.apache.coyote.http11.Http11Processor.service(Http11Processor.java:408)
	at org.apache.coyote.AbstractProcessorLight.process(AbstractProcessorLight.java:66)
	at org.apache.coyote.AbstractProtocol$ConnectionHandler.process(AbstractProtocol.java:853)
	at org.apache.tomcat.util.net.NioEndpoint$SocketProcessor.doRun(NioEndpoint.java:1587)
	at org.apache.tomcat.util.net.SocketProcessorBase.run(SocketProcessorBase.java:49)
	at java.util.concurrent.ThreadPoolExecutor.runWorker(ThreadPoolExecutor.java:1149)
	at java.util.concurrent.ThreadPoolExecutor$Worker.run(ThreadPoolExecutor.java:624)
	at org.apache.tomcat.util.threads.TaskThread$WrappingRunnable.run(TaskThread.java:61)
	at java.lang.Thread.run(Thread.java:748)
Caused by: java.sql.SQLException: Access denied for user 'root'@'DESKTOP-BVHB0R3' (using password: YES)
	at com.mysql.jdbc.SQLError.createSQLException(SQLError.java:965)
	at com.mysql.jdbc.MysqlIO.checkErrorPacket(MysqlIO.java:3978)
	at com.mysql.jdbc.MysqlIO.checkErrorPacket(MysqlIO.java:3914)
	at com.mysql.jdbc.MysqlIO.checkErrorPacket(MysqlIO.java:871)
	at com.mysql.jdbc.MysqlIO.proceedHandshakeWithPluggableAuthentication(MysqlIO.java:1714)
	at com.mysql.jdbc.MysqlIO.doHandshake(MysqlIO.java:1224)
	at com.mysql.jdbc.ConnectionImpl.coreConnect(ConnectionImpl.java:2199)
	at com.mysql.jdbc.ConnectionImpl.connectOneTryOnly(ConnectionImpl.java:2230)
	at com.mysql.jdbc.ConnectionImpl.createNewIO(ConnectionImpl.java:2025)
	at com.mysql.jdbc.ConnectionImpl.<init>(ConnectionImpl.java:778)
	at com.mysql.jdbc.JDBC4Connection.<init>(JDBC4Connection.java:47)
	at sun.reflect.NativeConstructorAccessorImpl.newInstance0(Native Method)
	at sun.reflect.NativeConstructorAccessorImpl.newInstance(NativeConstructorAccessorImpl.java:62)
	at sun.reflect.DelegatingConstructorAccessorImpl.newInstance(DelegatingConstructorAccessorImpl.java:45)
	at java.lang.reflect.Constructor.newInstance(Constructor.java:423)
	at com.mysql.jdbc.Util.handleNewInstance(Util.java:425)
	at com.mysql.jdbc.ConnectionImpl.getInstance(ConnectionImpl.java:386)
	at com.mysql.jdbc.NonRegisteringDriver.connect(NonRegisteringDriver.java:330)
	at java.sql.DriverManager.getConnection(DriverManager.java:664)
	at java.sql.DriverManager.getConnection(DriverManager.java:247)
	at org.wso2.carbon.ndatasource.rdbms.RDBMSDataSourceReader.testDataSourceConnection(RDBMSDataSourceReader.java:80)
	... 82 more

TID: [-1234] [] [2020-05-25 20:13:45,019]  INFO {org.wso2.carbon.mediation.dependency.mgt.DependencyTracker} - Sequence : seqProcesarBasicAuthentication was added to the Synapse configuration successfully
TID: [-1234] [] [2020-05-25 20:14:26,545]  INFO {org.wso2.carbon.mediation.dependency.mgt.DependencyTracker} - Endpoint : wsSolicitudCredito was added to the Synapse configuration successfully
TID: [-1234] [] [2020-05-25 20:14:55,866]  INFO {org.wso2.carbon.mediation.dependency.mgt.DependencyTracker} - API : wsProcesarFovissste was added to the Synapse configuration successfully
TID: [-1234] [] [2020-05-25 20:14:55,874]  INFO {org.apache.synapse.rest.API} - Initializing API: wsProcesarFovissste
TID: [-1234] [] [2020-05-25 20:14:55,916]  INFO {org.apache.synapse.mediators.db.DBLookupMediator} - Successfully looked up datasource Mysql.
TID: [-1234] [] [2020-05-25 20:14:55,916]  INFO {org.apache.synapse.mediators.db.DBLookupMediator} - Successfully looked up datasource Mysql.
